[ 2017-04-19T10:51:37+08:00 ] 127.0.0.1 127.0.0.1 GET /mengchong/public/index.php
[ log ] www.pys.com/mengchong/public/index.php [运行时间：0.268471s][吞吐率：3.72req/s] [内存消耗：1,594.58kb] [文件加载：38]
[ info ] [ LANG ] E:\PYS\mengchong\thinkphp\lang\zh-cn.php
[ info ] [ ROUTE ] array (
  'type' => 'module',
  'module' => 
  array (
    0 => '',
    1 => NULL,
    2 => NULL,
  ),
)
[ info ] [ HEADER ] array (
  'cookie' => 'CACHED_FRONT_FORM_KEY=BFJpxNCYVddaIcVc; _gat=1; _ga=GA1.2.2135033518.1492570271',
  'accept-language' => 'zh-CN,zh;q=0.8',
  'accept-encoding' => 'gzip, deflate',
  'referer' => 'http://www.pys.com/mengchong/public/',
  'accept' => 'text/html,application/xhtml+xml,application/xml;q=0.9,image/webp,image/apng,*/*;q=0.8',
  'user-agent' => 'Mozilla/5.0 (Windows NT 10.0; WOW64) AppleWebKit/537.36 (KHTML, like Gecko) Chrome/59.0.3067.6 Safari/537.36',
  'upgrade-insecure-requests' => '1',
  'connection' => 'close',
  'host' => 'www.pys.com',
)
[ info ] [ PARAM ] array (
)
[ info ] [ RUN ] app\index\controller\Index->index[ E:\PYS\mengchong\application\index\controller\Index.php ]
[ info ] [ DB ] INIT mysql
[ info ] [ SESSION ] INIT array (
  'id' => '',
  'var_session_id' => '',
  'prefix' => 'think',
  'type' => '',
  'auto_start' => true,
)
[ info ] [ LOG ] INIT File
[ sql ] [ DB ] CONNECT:[ UseTime:0.083900s ] mysql:dbname=mengchong;host=192.168.1.192;charset=utf8
[ sql ] [ SQL ] SHOW COLUMNS FROM `mc_goods` [ RunTime:0.048808s ]
[ sql ] [ SQL ] SELECT * FROM `mc_goods` WHERE  (  1=1 ) ORDER BY `add_time`  desc LIMIT 8 [ RunTime:0.026394s ]
[ sql ] [ SQL ] SELECT * FROM `mc_goods` WHERE  (  1=1 ) ORDER BY `is_hot`  desc LIMIT 8 [ RunTime:0.001515s ]
[ error ] [2]session_start(): open(/tmp\sess_59lb6nt5antcuoka5rfuihvh10, O_RDWR) failed: No such file or directory (2)[E:\PYS\mengchong\thinkphp\library\think\Session.php:105]

---------------------------------------------------------------
[ 2017-04-19T10:51:56+08:00 ] 127.0.0.1 127.0.0.1 GET /mengchong/public/index.php/index/login/index
[ log ] www.pys.com/mengchong/public/index.php/index/login/index [运行时间：0.130483s][吞吐率：7.66req/s] [内存消耗：1,042.52kb] [文件加载：31]
[ info ] [ LANG ] E:\PYS\mengchong\thinkphp\lang\zh-cn.php
[ info ] [ ROUTE ] array (
  'type' => 'module',
  'module' => 
  array (
    0 => 'index',
    1 => 'login',
    2 => 'index',
  ),
)
[ info ] [ HEADER ] array (
  'cookie' => 'CACHED_FRONT_FORM_KEY=BFJpxNCYVddaIcVc; _gat=1; _ga=GA1.2.2135033518.1492570271; PHPSESSID=59lb6nt5antcuoka5rfuihvh10',
  'accept-language' => 'zh-CN,zh;q=0.8',
  'accept-encoding' => 'gzip, deflate',
  'accept' => 'text/html,application/xhtml+xml,application/xml;q=0.9,image/webp,image/apng,*/*;q=0.8',
  'user-agent' => 'Mozilla/5.0 (Windows NT 10.0; WOW64) AppleWebKit/537.36 (KHTML, like Gecko) Chrome/59.0.3067.6 Safari/537.36',
  'upgrade-insecure-requests' => '1',
  'connection' => 'close',
  'host' => 'www.pys.com',
)
[ info ] [ PARAM ] array (
)
[ info ] [ RUN ] app\index\controller\Login->index[ E:\PYS\mengchong\application\index\controller\Login.php ]
[ info ] [ VIEW ] E:\PYS\mengchong\public/../application/index\view\login\index.html [ array (
) ]
[ info ] [ LOG ] INIT File

---------------------------------------------------------------
[ 2017-04-19T10:51:57+08:00 ] 127.0.0.1 127.0.0.1 POST /mengchong/public/index.php/index/apidemo.php.htm
[ log ] www.pys.com/mengchong/public/index.php/index/apidemo.php.htm [运行时间：0.016590s][吞吐率：60.28req/s] [内存消耗：765.20kb] [文件加载：27]
[ info ] [ LANG ] E:\PYS\mengchong\thinkphp\lang\zh-cn.php
[ info ] [ ROUTE ] array (
  'type' => 'module',
  'module' => 
  array (
    0 => 'index',
    1 => 'apidemo.php.htm',
    2 => NULL,
  ),
)
[ info ] [ HEADER ] array (
  'cookie' => 'CACHED_FRONT_FORM_KEY=BFJpxNCYVddaIcVc; _gat=1; _ga=GA1.2.2135033518.1492570271; PHPSESSID=59lb6nt5antcuoka5rfuihvh10',
  'accept-language' => 'zh-CN,zh;q=0.8',
  'accept-encoding' => 'gzip, deflate',
  'referer' => 'http://www.pys.com/mengchong/public/index.php/index/login/index',
  'content-type' => 'application/x-www-form-urlencoded',
  'user-agent' => 'Mozilla/5.0 (Windows NT 10.0; WOW64) AppleWebKit/537.36 (KHTML, like Gecko) Chrome/59.0.3067.6 Safari/537.36',
  'x-requested-with' => 'XMLHttpRequest',
  'origin' => 'http://www.pys.com',
  'accept' => 'application/json',
  'content-length' => '27',
  'connection' => 'close',
  'host' => 'www.pys.com',
)
[ info ] [ PARAM ] array (
  'Act' => 'GetShoppingMallKeyWords',
)
[ info ] [ LOG ] INIT File

---------------------------------------------------------------
[ 2017-04-19T10:51:57+08:00 ] 127.0.0.1 127.0.0.1 POST /mengchong/public/index.php/index/apidemo.php.htm
[ log ] www.pys.com/mengchong/public/index.php/index/apidemo.php.htm [运行时间：0.015130s][吞吐率：66.09req/s] [内存消耗：765.20kb] [文件加载：27]
[ info ] [ LANG ] E:\PYS\mengchong\thinkphp\lang\zh-cn.php
[ info ] [ ROUTE ] array (
  'type' => 'module',
  'module' => 
  array (
    0 => 'index',
    1 => 'apidemo.php.htm',
    2 => NULL,
  ),
)
[ info ] [ HEADER ] array (
  'cookie' => 'CACHED_FRONT_FORM_KEY=BFJpxNCYVddaIcVc; _gat=1; _ga=GA1.2.2135033518.1492570271; PHPSESSID=59lb6nt5antcuoka5rfuihvh10',
  'accept-language' => 'zh-CN,zh;q=0.8',
  'accept-encoding' => 'gzip, deflate',
  'referer' => 'http://www.pys.com/mengchong/public/index.php/index/login/index',
  'content-type' => 'application/x-www-form-urlencoded',
  'user-agent' => 'Mozilla/5.0 (Windows NT 10.0; WOW64) AppleWebKit/537.36 (KHTML, like Gecko) Chrome/59.0.3067.6 Safari/537.36',
  'x-requested-with' => 'XMLHttpRequest',
  'origin' => 'http://www.pys.com',
  'accept' => 'application/json',
  'content-length' => '31',
  'connection' => 'close',
  'host' => 'www.pys.com',
)
[ info ] [ PARAM ] array (
  'Act' => 'GetShoppingMallCategoryType',
)
[ info ] [ LOG ] INIT File

---------------------------------------------------------------
[ 2017-04-19T10:51:57+08:00 ] 127.0.0.1 127.0.0.1 POST /mengchong/public/index.php/index/apidemo.php.htm
[ log ] www.pys.com/mengchong/public/index.php/index/apidemo.php.htm [运行时间：0.014910s][吞吐率：67.07req/s] [内存消耗：765.20kb] [文件加载：27]
[ info ] [ LANG ] E:\PYS\mengchong\thinkphp\lang\zh-cn.php
[ info ] [ ROUTE ] array (
  'type' => 'module',
  'module' => 
  array (
    0 => 'index',
    1 => 'apidemo.php.htm',
    2 => NULL,
  ),
)
[ info ] [ HEADER ] array (
  'cookie' => 'CACHED_FRONT_FORM_KEY=BFJpxNCYVddaIcVc; _gat=1; _ga=GA1.2.2135033518.1492570271; PHPSESSID=59lb6nt5antcuoka5rfuihvh10',
  'accept-language' => 'zh-CN,zh;q=0.8',
  'accept-encoding' => 'gzip, deflate',
  'referer' => 'http://www.pys.com/mengchong/public/index.php/index/login/index',
  'content-type' => 'application/x-www-form-urlencoded',
  'user-agent' => 'Mozilla/5.0 (Windows NT 10.0; WOW64) AppleWebKit/537.36 (KHTML, like Gecko) Chrome/59.0.3067.6 Safari/537.36',
  'x-requested-with' => 'XMLHttpRequest',
  'origin' => 'http://www.pys.com',
  'accept' => 'application/json',
  'content-length' => '27',
  'connection' => 'close',
  'host' => 'www.pys.com',
)
[ info ] [ PARAM ] array (
  'Act' => 'GetShoppingMallHomeData',
)
[ info ] [ LOG ] INIT File

---------------------------------------------------------------
[ 2017-04-19T10:51:57+08:00 ] 127.0.0.1 127.0.0.1 GET /mengchong/public/index.php/index/api.share.baidu.com/s.gif?l=http://www.pys.com/mengchong/public/index.php/index/login/index
[ log ] www.pys.com/mengchong/public/index.php/index/api.share.baidu.com/s.gif?l=http://www.pys.com/mengchong/public/index.php/index/login/index [运行时间：0.014703s][吞吐率：68.01req/s] [内存消耗：765.13kb] [文件加载：27]
[ info ] [ LANG ] E:\PYS\mengchong\thinkphp\lang\zh-cn.php
[ info ] [ ROUTE ] array (
  'type' => 'module',
  'module' => 
  array (
    0 => 'index',
    1 => 'api.share.baidu.com',
    2 => 's.gif',
  ),
)
[ info ] [ HEADER ] array (
  'cookie' => 'CACHED_FRONT_FORM_KEY=BFJpxNCYVddaIcVc; _gat=1; _ga=GA1.2.2135033518.1492570271; PHPSESSID=59lb6nt5antcuoka5rfuihvh10',
  'accept-language' => 'zh-CN,zh;q=0.8',
  'accept-encoding' => 'gzip, deflate',
  'referer' => 'http://www.pys.com/mengchong/public/index.php/index/login/index',
  'accept' => 'image/webp,image/apng,image/*,*/*;q=0.8',
  'user-agent' => 'Mozilla/5.0 (Windows NT 10.0; WOW64) AppleWebKit/537.36 (KHTML, like Gecko) Chrome/59.0.3067.6 Safari/537.36',
  'connection' => 'close',
  'host' => 'www.pys.com',
)
[ info ] [ PARAM ] array (
  'l' => 'http://www.pys.com/mengchong/public/index.php/index/login/index',
)
[ info ] [ LOG ] INIT File

---------------------------------------------------------------
[ 2017-04-19T10:51:59+08:00 ] 127.0.0.1 127.0.0.1 GET /mengchong/public/index.php/index/login/login.html
[ log ] www.pys.com/mengchong/public/index.php/index/login/login.html [运行时间：0.040192s][吞吐率：24.88req/s] [内存消耗：1,033.62kb] [文件加载：31]
[ info ] [ LANG ] E:\PYS\mengchong\thinkphp\lang\zh-cn.php
[ info ] [ ROUTE ] array (
  'type' => 'module',
  'module' => 
  array (
    0 => 'index',
    1 => 'login',
    2 => 'login',
  ),
)
[ info ] [ HEADER ] array (
  'cookie' => 'CACHED_FRONT_FORM_KEY=BFJpxNCYVddaIcVc; _gat=1; _ga=GA1.2.2135033518.1492570271; PHPSESSID=59lb6nt5antcuoka5rfuihvh10',
  'accept-language' => 'zh-CN,zh;q=0.8',
  'accept-encoding' => 'gzip, deflate',
  'referer' => 'http://www.pys.com/mengchong/public/index.php/index/login/index',
  'accept' => 'text/html,application/xhtml+xml,application/xml;q=0.9,image/webp,image/apng,*/*;q=0.8',
  'user-agent' => 'Mozilla/5.0 (Windows NT 10.0; WOW64) AppleWebKit/537.36 (KHTML, like Gecko) Chrome/59.0.3067.6 Safari/537.36',
  'upgrade-insecure-requests' => '1',
  'connection' => 'close',
  'host' => 'www.pys.com',
)
[ info ] [ PARAM ] array (
)
[ info ] [ RUN ] app\index\controller\Login->login[ E:\PYS\mengchong\application\index\controller\Login.php ]
[ info ] [ VIEW ] E:\PYS\mengchong\public/../application/index\view\login\login.html [ array (
) ]
[ info ] [ LOG ] INIT File

---------------------------------------------------------------
[ 2017-04-19T10:51:59+08:00 ] 127.0.0.1 127.0.0.1 GET /mengchong/public/index.php/index/api.share.baidu.com/s.gif?r=http%3A%2F%2Fwww.pys.com%2Fmengchong%2Fpublic%2Findex.php%2Findex%2Flogin%2Findex&l=http://www.pys.com/mengchong/public/index.php/index/login/login.html
[ log ] www.pys.com/mengchong/public/index.php/index/api.share.baidu.com/s.gif?r=http%3A%2F%2Fwww.pys.com%2Fmengchong%2Fpublic%2Findex.php%2Findex%2Flogin%2Findex&l=http://www.pys.com/mengchong/public/index.php/index/login/login.html [运行时间：0.015194s][吞吐率：65.82req/s] [内存消耗：765.35kb] [文件加载：27]
[ info ] [ LANG ] E:\PYS\mengchong\thinkphp\lang\zh-cn.php
[ info ] [ ROUTE ] array (
  'type' => 'module',
  'module' => 
  array (
    0 => 'index',
    1 => 'api.share.baidu.com',
    2 => 's.gif',
  ),
)
[ info ] [ HEADER ] array (
  'cookie' => 'CACHED_FRONT_FORM_KEY=BFJpxNCYVddaIcVc; _gat=1; _ga=GA1.2.2135033518.1492570271; PHPSESSID=59lb6nt5antcuoka5rfuihvh10',
  'accept-language' => 'zh-CN,zh;q=0.8',
  'accept-encoding' => 'gzip, deflate',
  'referer' => 'http://www.pys.com/mengchong/public/index.php/index/login/login.html',
  'accept' => 'image/webp,image/apng,image/*,*/*;q=0.8',
  'user-agent' => 'Mozilla/5.0 (Windows NT 10.0; WOW64) AppleWebKit/537.36 (KHTML, like Gecko) Chrome/59.0.3067.6 Safari/537.36',
  'connection' => 'close',
  'host' => 'www.pys.com',
)
[ info ] [ PARAM ] array (
  'r' => 'http://www.pys.com/mengchong/public/index.php/index/login/index',
  'l' => 'http://www.pys.com/mengchong/public/index.php/index/login/login.html',
)
[ info ] [ LOG ] INIT File

---------------------------------------------------------------
[ 2017-04-19T10:52:13+08:00 ] 127.0.0.1 127.0.0.1 POST /mengchong/public/index.php/index/vetapi.php.htm
[ log ] www.pys.com/mengchong/public/index.php/index/vetapi.php.htm [运行时间：0.015644s][吞吐率：63.92req/s] [内存消耗：765.30kb] [文件加载：27]
[ info ] [ LANG ] E:\PYS\mengchong\thinkphp\lang\zh-cn.php
[ info ] [ ROUTE ] array (
  'type' => 'module',
  'module' => 
  array (
    0 => 'index',
    1 => 'vetapi.php.htm',
    2 => NULL,
  ),
)
[ info ] [ HEADER ] array (
  'cookie' => 'CACHED_FRONT_FORM_KEY=BFJpxNCYVddaIcVc; _ga=GA1.2.2135033518.1492570271; PHPSESSID=59lb6nt5antcuoka5rfuihvh10',
  'accept-language' => 'zh-CN,zh;q=0.8',
  'accept-encoding' => 'gzip, deflate',
  'referer' => 'http://www.pys.com/mengchong/public/index.php/index/login/login.html',
  'content-type' => 'application/x-www-form-urlencoded',
  'user-agent' => 'Mozilla/5.0 (Windows NT 10.0; WOW64) AppleWebKit/537.36 (KHTML, like Gecko) Chrome/59.0.3067.6 Safari/537.36',
  'x-requested-with' => 'XMLHttpRequest',
  'origin' => 'http://www.pys.com',
  'accept' => 'application/json',
  'content-length' => '76',
  'connection' => 'close',
  'host' => 'www.pys.com',
)
[ info ] [ PARAM ] array (
  'Act' => 'UserLogin',
  'UserName' => '15201401806',
  'Password' => 'e10adc3949ba59abbe56e057f20f883e',
)
[ info ] [ LOG ] INIT File

---------------------------------------------------------------
[ 2017-04-19T10:52:14+08:00 ] 127.0.0.1 127.0.0.1 POST /mengchong/public/index.php/index/vetapi.php.htm
[ log ] www.pys.com/mengchong/public/index.php/index/vetapi.php.htm [运行时间：0.015534s][吞吐率：64.37req/s] [内存消耗：765.30kb] [文件加载：27]
[ info ] [ LANG ] E:\PYS\mengchong\thinkphp\lang\zh-cn.php
[ info ] [ ROUTE ] array (
  'type' => 'module',
  'module' => 
  array (
    0 => 'index',
    1 => 'vetapi.php.htm',
    2 => NULL,
  ),
)
[ info ] [ HEADER ] array (
  'cookie' => 'CACHED_FRONT_FORM_KEY=BFJpxNCYVddaIcVc; _ga=GA1.2.2135033518.1492570271; PHPSESSID=59lb6nt5antcuoka5rfuihvh10',
  'accept-language' => 'zh-CN,zh;q=0.8',
  'accept-encoding' => 'gzip, deflate',
  'referer' => 'http://www.pys.com/mengchong/public/index.php/index/login/login.html',
  'content-type' => 'application/x-www-form-urlencoded',
  'user-agent' => 'Mozilla/5.0 (Windows NT 10.0; WOW64) AppleWebKit/537.36 (KHTML, like Gecko) Chrome/59.0.3067.6 Safari/537.36',
  'x-requested-with' => 'XMLHttpRequest',
  'origin' => 'http://www.pys.com',
  'accept' => 'application/json',
  'content-length' => '76',
  'connection' => 'close',
  'host' => 'www.pys.com',
)
[ info ] [ PARAM ] array (
  'Act' => 'UserLogin',
  'UserName' => '15201401806',
  'Password' => 'e10adc3949ba59abbe56e057f20f883e',
)
[ info ] [ LOG ] INIT File

---------------------------------------------------------------
[ 2017-04-19T10:52:14+08:00 ] 127.0.0.1 127.0.0.1 POST /mengchong/public/index.php/index/login/login_do.html
[ log ] www.pys.com/mengchong/public/index.php/index/login/login_do.html [运行时间：0.087543s][吞吐率：11.42req/s] [内存消耗：1,427.35kb] [文件加载：36]
[ info ] [ LANG ] E:\PYS\mengchong\thinkphp\lang\zh-cn.php
[ info ] [ ROUTE ] array (
  'type' => 'module',
  'module' => 
  array (
    0 => 'index',
    1 => 'login',
    2 => 'login_do',
  ),
)
[ info ] [ HEADER ] array (
  'cookie' => 'CACHED_FRONT_FORM_KEY=BFJpxNCYVddaIcVc; _ga=GA1.2.2135033518.1492570271; PHPSESSID=59lb6nt5antcuoka5rfuihvh10',
  'accept-language' => 'zh-CN,zh;q=0.8',
  'accept-encoding' => 'gzip, deflate',
  'referer' => 'http://www.pys.com/mengchong/public/index.php/index/login/login.html',
  'content-type' => 'application/x-www-form-urlencoded',
  'user-agent' => 'Mozilla/5.0 (Windows NT 10.0; WOW64) AppleWebKit/537.36 (KHTML, like Gecko) Chrome/59.0.3067.6 Safari/537.36',
  'x-requested-with' => 'XMLHttpRequest',
  'origin' => 'http://www.pys.com',
  'accept' => 'application/json',
  'content-length' => '34',
  'connection' => 'close',
  'host' => 'www.pys.com',
)
[ info ] [ PARAM ] array (
  'uname' => '15201401806',
  'upassword' => '123456',
)
[ info ] [ RUN ] app\index\controller\Login->login_do[ E:\PYS\mengchong\application\index\controller\Login.php ]
[ info ] [ DB ] INIT mysql
[ info ] [ SESSION ] INIT array (
  'id' => '',
  'var_session_id' => '',
  'prefix' => 'think',
  'type' => '',
  'auto_start' => true,
)
[ info ] [ LOG ] INIT File
[ sql ] [ DB ] CONNECT:[ UseTime:0.002487s ] mysql:dbname=mengchong;host=192.168.1.192;charset=utf8
[ sql ] [ SQL ] SHOW COLUMNS FROM `mc_users` [ RunTime:0.028891s ]
[ sql ] [ SQL ] SELECT * FROM `mc_users` WHERE  (   utel = '15201401806' || uemail = '15201401806' ) LIMIT 1 [ RunTime:0.002189s ]
[ error ] [2]session_start(): open(/tmp\sess_59lb6nt5antcuoka5rfuihvh10, O_RDWR) failed: No such file or directory (2)[E:\PYS\mengchong\thinkphp\library\think\Session.php:105]

---------------------------------------------------------------
[ 2017-04-19T10:52:14+08:00 ] 127.0.0.1 127.0.0.1 POST /mengchong/public/index.php/index/vetapi.php.htm
[ log ] www.pys.com/mengchong/public/index.php/index/vetapi.php.htm [运行时间：0.013319s][吞吐率：75.08req/s] [内存消耗：765.30kb] [文件加载：27]
[ info ] [ LANG ] E:\PYS\mengchong\thinkphp\lang\zh-cn.php
[ info ] [ ROUTE ] array (
  'type' => 'module',
  'module' => 
  array (
    0 => 'index',
    1 => 'vetapi.php.htm',
    2 => NULL,
  ),
)
[ info ] [ HEADER ] array (
  'cookie' => 'CACHED_FRONT_FORM_KEY=BFJpxNCYVddaIcVc; _ga=GA1.2.2135033518.1492570271; PHPSESSID=59lb6nt5antcuoka5rfuihvh10',
  'accept-language' => 'zh-CN,zh;q=0.8',
  'accept-encoding' => 'gzip, deflate',
  'referer' => 'http://www.pys.com/mengchong/public/index.php/index/login/login.html',
  'content-type' => 'application/x-www-form-urlencoded',
  'user-agent' => 'Mozilla/5.0 (Windows NT 10.0; WOW64) AppleWebKit/537.36 (KHTML, like Gecko) Chrome/59.0.3067.6 Safari/537.36',
  'x-requested-with' => 'XMLHttpRequest',
  'origin' => 'http://www.pys.com',
  'accept' => 'application/json',
  'content-length' => '76',
  'connection' => 'close',
  'host' => 'www.pys.com',
)
[ info ] [ PARAM ] array (
  'Act' => 'UserLogin',
  'UserName' => '15201401806',
  'Password' => 'e10adc3949ba59abbe56e057f20f883e',
)
[ info ] [ LOG ] INIT File

---------------------------------------------------------------
[ 2017-04-19T10:52:15+08:00 ] 127.0.0.1 127.0.0.1 POST /mengchong/public/index.php/index/vetapi.php.htm
[ log ] www.pys.com/mengchong/public/index.php/index/vetapi.php.htm [运行时间：0.014293s][吞吐率：69.96req/s] [内存消耗：765.30kb] [文件加载：27]
[ info ] [ LANG ] E:\PYS\mengchong\thinkphp\lang\zh-cn.php
[ info ] [ ROUTE ] array (
  'type' => 'module',
  'module' => 
  array (
    0 => 'index',
    1 => 'vetapi.php.htm',
    2 => NULL,
  ),
)
[ info ] [ HEADER ] array (
  'cookie' => 'CACHED_FRONT_FORM_KEY=BFJpxNCYVddaIcVc; _ga=GA1.2.2135033518.1492570271; PHPSESSID=59lb6nt5antcuoka5rfuihvh10',
  'accept-language' => 'zh-CN,zh;q=0.8',
  'accept-encoding' => 'gzip, deflate',
  'referer' => 'http://www.pys.com/mengchong/public/index.php/index/login/login.html',
  'content-type' => 'application/x-www-form-urlencoded',
  'user-agent' => 'Mozilla/5.0 (Windows NT 10.0; WOW64) AppleWebKit/537.36 (KHTML, like Gecko) Chrome/59.0.3067.6 Safari/537.36',
  'x-requested-with' => 'XMLHttpRequest',
  'origin' => 'http://www.pys.com',
  'accept' => 'application/json',
  'content-length' => '76',
  'connection' => 'close',
  'host' => 'www.pys.com',
)
[ info ] [ PARAM ] array (
  'Act' => 'UserLogin',
  'UserName' => '15201401806',
  'Password' => 'e10adc3949ba59abbe56e057f20f883e',
)
[ info ] [ LOG ] INIT File

---------------------------------------------------------------
[ 2017-04-19T10:52:15+08:00 ] 127.0.0.1 127.0.0.1 POST /mengchong/public/index.php/index/login/login_do.html
[ log ] www.pys.com/mengchong/public/index.php/index/login/login_do.html [运行时间：0.055489s][吞吐率：18.02req/s] [内存消耗：1,427.35kb] [文件加载：36]
[ info ] [ LANG ] E:\PYS\mengchong\thinkphp\lang\zh-cn.php
[ info ] [ ROUTE ] array (
  'type' => 'module',
  'module' => 
  array (
    0 => 'index',
    1 => 'login',
    2 => 'login_do',
  ),
)
[ info ] [ HEADER ] array (
  'cookie' => 'CACHED_FRONT_FORM_KEY=BFJpxNCYVddaIcVc; _ga=GA1.2.2135033518.1492570271; PHPSESSID=59lb6nt5antcuoka5rfuihvh10',
  'accept-language' => 'zh-CN,zh;q=0.8',
  'accept-encoding' => 'gzip, deflate',
  'referer' => 'http://www.pys.com/mengchong/public/index.php/index/login/login.html',
  'content-type' => 'application/x-www-form-urlencoded',
  'user-agent' => 'Mozilla/5.0 (Windows NT 10.0; WOW64) AppleWebKit/537.36 (KHTML, like Gecko) Chrome/59.0.3067.6 Safari/537.36',
  'x-requested-with' => 'XMLHttpRequest',
  'origin' => 'http://www.pys.com',
  'accept' => 'application/json',
  'content-length' => '34',
  'connection' => 'close',
  'host' => 'www.pys.com',
)
[ info ] [ PARAM ] array (
  'uname' => '15201401806',
  'upassword' => '123456',
)
[ info ] [ RUN ] app\index\controller\Login->login_do[ E:\PYS\mengchong\application\index\controller\Login.php ]
[ info ] [ DB ] INIT mysql
[ info ] [ SESSION ] INIT array (
  'id' => '',
  'var_session_id' => '',
  'prefix' => 'think',
  'type' => '',
  'auto_start' => true,
)
[ info ] [ LOG ] INIT File
[ sql ] [ DB ] CONNECT:[ UseTime:0.027006s ] mysql:dbname=mengchong;host=192.168.1.192;charset=utf8
[ sql ] [ SQL ] SHOW COLUMNS FROM `mc_users` [ RunTime:0.002323s ]
[ sql ] [ SQL ] SELECT * FROM `mc_users` WHERE  (   utel = '15201401806' || uemail = '15201401806' ) LIMIT 1 [ RunTime:0.001207s ]
[ error ] [2]session_start(): open(/tmp\sess_59lb6nt5antcuoka5rfuihvh10, O_RDWR) failed: No such file or directory (2)[E:\PYS\mengchong\thinkphp\library\think\Session.php:105]

---------------------------------------------------------------
[ 2017-04-19T10:52:16+08:00 ] 127.0.0.1 127.0.0.1 POST /mengchong/public/index.php/index/login/login_do.html
[ log ] www.pys.com/mengchong/public/index.php/index/login/login_do.html [运行时间：0.101274s][吞吐率：9.87req/s] [内存消耗：1,427.35kb] [文件加载：36]
[ info ] [ LANG ] E:\PYS\mengchong\thinkphp\lang\zh-cn.php
[ info ] [ ROUTE ] array (
  'type' => 'module',
  'module' => 
  array (
    0 => 'index',
    1 => 'login',
    2 => 'login_do',
  ),
)
[ info ] [ HEADER ] array (
  'cookie' => 'CACHED_FRONT_FORM_KEY=BFJpxNCYVddaIcVc; _ga=GA1.2.2135033518.1492570271; PHPSESSID=59lb6nt5antcuoka5rfuihvh10',
  'accept-language' => 'zh-CN,zh;q=0.8',
  'accept-encoding' => 'gzip, deflate',
  'referer' => 'http://www.pys.com/mengchong/public/index.php/index/login/login.html',
  'content-type' => 'application/x-www-form-urlencoded',
  'user-agent' => 'Mozilla/5.0 (Windows NT 10.0; WOW64) AppleWebKit/537.36 (KHTML, like Gecko) Chrome/59.0.3067.6 Safari/537.36',
  'x-requested-with' => 'XMLHttpRequest',
  'origin' => 'http://www.pys.com',
  'accept' => 'application/json',
  'content-length' => '34',
  'connection' => 'close',
  'host' => 'www.pys.com',
)
[ info ] [ PARAM ] array (
  'uname' => '15201401806',
  'upassword' => '123456',
)
[ info ] [ RUN ] app\index\controller\Login->login_do[ E:\PYS\mengchong\application\index\controller\Login.php ]
[ info ] [ DB ] INIT mysql
[ info ] [ SESSION ] INIT array (
  'id' => '',
  'var_session_id' => '',
  'prefix' => 'think',
  'type' => '',
  'auto_start' => true,
)
[ info ] [ LOG ] INIT File
[ sql ] [ DB ] CONNECT:[ UseTime:0.011886s ] mysql:dbname=mengchong;host=192.168.1.192;charset=utf8
[ sql ] [ SQL ] SHOW COLUMNS FROM `mc_users` [ RunTime:0.025385s ]
[ sql ] [ SQL ] SELECT * FROM `mc_users` WHERE  (   utel = '15201401806' || uemail = '15201401806' ) LIMIT 1 [ RunTime:0.003597s ]
[ error ] [2]session_start(): open(/tmp\sess_59lb6nt5antcuoka5rfuihvh10, O_RDWR) failed: No such file or directory (2)[E:\PYS\mengchong\thinkphp\library\think\Session.php:105]

---------------------------------------------------------------
[ 2017-04-19T10:52:16+08:00 ] 127.0.0.1 127.0.0.1 POST /mengchong/public/index.php/index/login/login_do.html
[ log ] www.pys.com/mengchong/public/index.php/index/login/login_do.html [运行时间：0.072309s][吞吐率：13.83req/s] [内存消耗：1,427.35kb] [文件加载：36]
[ info ] [ LANG ] E:\PYS\mengchong\thinkphp\lang\zh-cn.php
[ info ] [ ROUTE ] array (
  'type' => 'module',
  'module' => 
  array (
    0 => 'index',
    1 => 'login',
    2 => 'login_do',
  ),
)
[ info ] [ HEADER ] array (
  'cookie' => 'CACHED_FRONT_FORM_KEY=BFJpxNCYVddaIcVc; _ga=GA1.2.2135033518.1492570271; PHPSESSID=59lb6nt5antcuoka5rfuihvh10',
  'accept-language' => 'zh-CN,zh;q=0.8',
  'accept-encoding' => 'gzip, deflate',
  'referer' => 'http://www.pys.com/mengchong/public/index.php/index/login/login.html',
  'content-type' => 'application/x-www-form-urlencoded',
  'user-agent' => 'Mozilla/5.0 (Windows NT 10.0; WOW64) AppleWebKit/537.36 (KHTML, like Gecko) Chrome/59.0.3067.6 Safari/537.36',
  'x-requested-with' => 'XMLHttpRequest',
  'origin' => 'http://www.pys.com',
  'accept' => 'application/json',
  'content-length' => '34',
  'connection' => 'close',
  'host' => 'www.pys.com',
)
[ info ] [ PARAM ] array (
  'uname' => '15201401806',
  'upassword' => '123456',
)
[ info ] [ RUN ] app\index\controller\Login->login_do[ E:\PYS\mengchong\application\index\controller\Login.php ]
[ info ] [ DB ] INIT mysql
[ info ] [ SESSION ] INIT array (
  'id' => '',
  'var_session_id' => '',
  'prefix' => 'think',
  'type' => '',
  'auto_start' => true,
)
[ info ] [ LOG ] INIT File
[ sql ] [ DB ] CONNECT:[ UseTime:0.011377s ] mysql:dbname=mengchong;host=192.168.1.192;charset=utf8
[ sql ] [ SQL ] SHOW COLUMNS FROM `mc_users` [ RunTime:0.003570s ]
[ sql ] [ SQL ] SELECT * FROM `mc_users` WHERE  (   utel = '15201401806' || uemail = '15201401806' ) LIMIT 1 [ RunTime:0.001165s ]
[ error ] [2]session_start(): open(/tmp\sess_59lb6nt5antcuoka5rfuihvh10, O_RDWR) failed: No such file or directory (2)[E:\PYS\mengchong\thinkphp\library\think\Session.php:105]

---------------------------------------------------------------
[ 2017-04-19T10:52:24+08:00 ] 127.0.0.1 127.0.0.1 GET /mengchong/public/index.php/index/index/index
[ log ] www.pys.com/mengchong/public/index.php/index/index/index [运行时间：0.133809s][吞吐率：7.47req/s] [内存消耗：1,594.34kb] [文件加载：38]
[ info ] [ LANG ] E:\PYS\mengchong\thinkphp\lang\zh-cn.php
[ info ] [ ROUTE ] array (
  'type' => 'module',
  'module' => 
  array (
    0 => 'index',
    1 => 'index',
    2 => 'index',
  ),
)
[ info ] [ HEADER ] array (
  'cookie' => 'CACHED_FRONT_FORM_KEY=BFJpxNCYVddaIcVc; _ga=GA1.2.2135033518.1492570271; PHPSESSID=59lb6nt5antcuoka5rfuihvh10',
  'accept-language' => 'zh-CN,zh;q=0.8',
  'accept-encoding' => 'gzip, deflate',
  'accept' => 'text/html,application/xhtml+xml,application/xml;q=0.9,image/webp,image/apng,*/*;q=0.8',
  'user-agent' => 'Mozilla/5.0 (Windows NT 10.0; WOW64) AppleWebKit/537.36 (KHTML, like Gecko) Chrome/59.0.3067.6 Safari/537.36',
  'upgrade-insecure-requests' => '1',
  'connection' => 'close',
  'host' => 'www.pys.com',
)
[ info ] [ PARAM ] array (
)
[ info ] [ RUN ] app\index\controller\Index->index[ E:\PYS\mengchong\application\index\controller\Index.php ]
[ info ] [ DB ] INIT mysql
[ info ] [ SESSION ] INIT array (
  'id' => '',
  'var_session_id' => '',
  'prefix' => 'think',
  'type' => '',
  'auto_start' => true,
)
[ info ] [ LOG ] INIT File
[ sql ] [ DB ] CONNECT:[ UseTime:0.033069s ] mysql:dbname=mengchong;host=192.168.1.192;charset=utf8
[ sql ] [ SQL ] SHOW COLUMNS FROM `mc_goods` [ RunTime:0.019836s ]
[ sql ] [ SQL ] SELECT * FROM `mc_goods` WHERE  (  1=1 ) ORDER BY `add_time`  desc LIMIT 8 [ RunTime:0.003466s ]
[ sql ] [ SQL ] SELECT * FROM `mc_goods` WHERE  (  1=1 ) ORDER BY `is_hot`  desc LIMIT 8 [ RunTime:0.003813s ]
[ error ] [2]session_start(): open(/tmp\sess_59lb6nt5antcuoka5rfuihvh10, O_RDWR) failed: No such file or directory (2)[E:\PYS\mengchong\thinkphp\library\think\Session.php:105]

---------------------------------------------------------------
