[ 2017-05-02T09:39:49+08:00 ] 127.0.0.1 127.0.0.1 GET /mengchong/public/index.php
[ log ] www.pys.com/mengchong/public/index.php [运行时间：0.582112s][吞吐率：1.72req/s] [内存消耗：2,086.23kb] [文件加载：55]
[ info ] [ LANG ] E:\PYS\mengchong\thinkphp\lang\zh-cn.php
[ info ] [ ROUTE ] array (
  'type' => 'module',
  'module' => 
  array (
    0 => '',
    1 => NULL,
    2 => NULL,
  ),
)
[ info ] [ HEADER ] array (
  'accept-language' => 'zh-CN,zh;q=0.8',
  'accept-encoding' => 'gzip, deflate, sdch',
  'referer' => 'http://www.pys.com/mengchong/public/',
  'user-agent' => 'Mozilla/5.0 (Windows NT 10.0; WOW64) AppleWebKit/537.36 (KHTML, like Gecko) Chrome/45.0.2454.101 Safari/537.36',
  'upgrade-insecure-requests' => '1',
  'accept' => 'text/html,application/xhtml+xml,application/xml;q=0.9,image/webp,*/*;q=0.8',
  'connection' => 'close',
  'host' => 'www.pys.com',
)
[ info ] [ PARAM ] array (
)
[ info ] [ RUN ] app\index\controller\Index->index[ E:\PYS\mengchong\application\index\controller\Index.php ]
[ info ] [ DB ] INIT mysql
[ info ] [ SESSION ] INIT array (
  'id' => '',
  'var_session_id' => '',
  'prefix' => 'think',
  'type' => '',
  'auto_start' => true,
)
[ info ] [ VIEW ] E:\PYS\mengchong\public/../application/index\view\index\index.html [ array (
  0 => 'data_new',
  1 => 'data_hot',
  2 => 'status',
  3 => 'model_category',
) ]
[ info ] [ LOG ] INIT File
[ sql ] [ DB ] CONNECT:[ UseTime:0.046607s ] mysql:dbname=mengchong;host=192.168.1.192;charset=utf8
[ sql ] [ SQL ] SHOW COLUMNS FROM `mc_goods` [ RunTime:0.034166s ]
[ sql ] [ SQL ] SELECT * FROM `mc_goods` WHERE  (  1=1 ) ORDER BY `add_time`  desc LIMIT 8 [ RunTime:0.001009s ]
[ sql ] [ SQL ] SELECT * FROM `mc_goods` WHERE  (  1=1 ) ORDER BY `is_hot`  desc LIMIT 8 [ RunTime:0.000915s ]
[ sql ] [ SQL ] SHOW COLUMNS FROM `mc_category` [ RunTime:0.017328s ]
[ sql ] [ SQL ] SELECT * FROM `mc_category` WHERE  `p_id` = 0 [ RunTime:0.000911s ]

---------------------------------------------------------------
[ 2017-05-02T09:39:52+08:00 ] 127.0.0.1 127.0.0.1 GET /mengchong/public/index.php/index/service/index.html
[ log ] www.pys.com/mengchong/public/index.php/index/service/index.html [运行时间：0.198483s][吞吐率：5.04req/s] [内存消耗：2,023.08kb] [文件加载：52]
[ info ] [ LANG ] E:\PYS\mengchong\thinkphp\lang\zh-cn.php
[ info ] [ ROUTE ] array (
  'type' => 'module',
  'module' => 
  array (
    0 => 'index',
    1 => 'service',
    2 => 'index',
  ),
)
[ info ] [ HEADER ] array (
  'cookie' => 'thinkphp_show_page_trace=0|0; PHPSESSID=ffvsbgr50hdhc2jkacl0tqllt3',
  'accept-language' => 'zh-CN,zh;q=0.8',
  'accept-encoding' => 'gzip, deflate, sdch',
  'referer' => 'http://www.pys.com/mengchong/public/index.php',
  'user-agent' => 'Mozilla/5.0 (Windows NT 10.0; WOW64) AppleWebKit/537.36 (KHTML, like Gecko) Chrome/45.0.2454.101 Safari/537.36',
  'upgrade-insecure-requests' => '1',
  'accept' => 'text/html,application/xhtml+xml,application/xml;q=0.9,image/webp,*/*;q=0.8',
  'connection' => 'close',
  'host' => 'www.pys.com',
)
[ info ] [ PARAM ] array (
)
[ info ] [ RUN ] app\index\controller\Service->index[ E:\PYS\mengchong\application\index\controller\Service.php ]
[ info ] [ DB ] INIT mysql
[ info ] [ VIEW ] E:\PYS\mengchong\public/../application/index\view\service\index.html [ array (
  0 => 'data',
) ]
[ info ] [ LOG ] INIT File
[ sql ] [ DB ] CONNECT:[ UseTime:0.021310s ] mysql:dbname=mengchong;host=192.168.1.192;charset=utf8
[ sql ] [ SQL ] SHOW COLUMNS FROM `mc_merchant` [ RunTime:0.043331s ]
[ sql ] [ SQL ] SELECT * FROM `mc_merchant` [ RunTime:0.007446s ]

---------------------------------------------------------------
[ 2017-05-02T09:40:11+08:00 ] 127.0.0.1 127.0.0.1 GET /mengchong/public/index.php/index/service/index.html
[ log ] www.pys.com/mengchong/public/index.php/index/service/index.html [运行时间：0.113457s][吞吐率：8.81req/s] [内存消耗：2,022.39kb] [文件加载：52]
[ info ] [ LANG ] E:\PYS\mengchong\thinkphp\lang\zh-cn.php
[ info ] [ ROUTE ] array (
  'type' => 'module',
  'module' => 
  array (
    0 => 'index',
    1 => 'service',
    2 => 'index',
  ),
)
[ info ] [ HEADER ] array (
  'accept-language' => 'zh-CN,zh;q=0.8',
  'accept-encoding' => 'gzip, deflate',
  'accept' => 'text/html,application/xhtml+xml,application/xml;q=0.9,image/webp,image/apng,*/*;q=0.8',
  'user-agent' => 'Mozilla/5.0 (Windows NT 10.0; WOW64) AppleWebKit/537.36 (KHTML, like Gecko) Chrome/59.0.3067.6 Safari/537.36',
  'upgrade-insecure-requests' => '1',
  'connection' => 'close',
  'host' => 'www.pys.com',
)
[ info ] [ PARAM ] array (
)
[ info ] [ RUN ] app\index\controller\Service->index[ E:\PYS\mengchong\application\index\controller\Service.php ]
[ info ] [ DB ] INIT mysql
[ info ] [ VIEW ] E:\PYS\mengchong\public/../application/index\view\service\index.html [ array (
  0 => 'data',
) ]
[ info ] [ LOG ] INIT File
[ sql ] [ DB ] CONNECT:[ UseTime:0.002600s ] mysql:dbname=mengchong;host=192.168.1.192;charset=utf8
[ sql ] [ SQL ] SHOW COLUMNS FROM `mc_merchant` [ RunTime:0.075184s ]
[ sql ] [ SQL ] SELECT * FROM `mc_merchant` [ RunTime:0.001635s ]

---------------------------------------------------------------
[ 2017-05-02T09:40:35+08:00 ] 127.0.0.1 127.0.0.1 GET /mengchong/public/index.php/index/service/index.html
[ log ] www.pys.com/mengchong/public/index.php/index/service/index.html [运行时间：0.103645s][吞吐率：9.65req/s] [内存消耗：2,022.87kb] [文件加载：52]
[ info ] [ LANG ] E:\PYS\mengchong\thinkphp\lang\zh-cn.php
[ info ] [ ROUTE ] array (
  'type' => 'module',
  'module' => 
  array (
    0 => 'index',
    1 => 'service',
    2 => 'index',
  ),
)
[ info ] [ HEADER ] array (
  'cookie' => 'thinkphp_show_page_trace=0|0',
  'accept-language' => 'zh-CN,zh;q=0.8',
  'accept-encoding' => 'gzip, deflate',
  'accept' => 'text/html,application/xhtml+xml,application/xml;q=0.9,image/webp,image/apng,*/*;q=0.8',
  'user-agent' => 'Mozilla/5.0 (iPhone; CPU iPhone OS 9_1 like Mac OS X) AppleWebKit/601.1.46 (KHTML, like Gecko) Version/9.0 Mobile/13B143 Safari/601.1',
  'upgrade-insecure-requests' => '1',
  'cache-control' => 'max-age=0',
  'connection' => 'close',
  'host' => 'www.pys.com',
)
[ info ] [ PARAM ] array (
)
[ info ] [ RUN ] app\index\controller\Service->index[ E:\PYS\mengchong\application\index\controller\Service.php ]
[ info ] [ DB ] INIT mysql
[ info ] [ VIEW ] E:\PYS\mengchong\public/../application/index\view\service\index.html [ array (
  0 => 'data',
) ]
[ info ] [ LOG ] INIT File
[ sql ] [ DB ] CONNECT:[ UseTime:0.022266s ] mysql:dbname=mengchong;host=192.168.1.192;charset=utf8
[ sql ] [ SQL ] SHOW COLUMNS FROM `mc_merchant` [ RunTime:0.042808s ]
[ sql ] [ SQL ] SELECT * FROM `mc_merchant` [ RunTime:0.002039s ]

---------------------------------------------------------------
[ 2017-05-02T09:42:39+08:00 ] 127.0.0.1 127.0.0.1 GET /mengchong/public/index.php/index/index/personal.html
[ log ] www.pys.com/mengchong/public/index.php/index/index/personal.html [运行时间：0.037738s][吞吐率：26.50req/s] [内存消耗：1,295.45kb] [文件加载：47]
[ info ] [ LANG ] E:\PYS\mengchong\thinkphp\lang\zh-cn.php
[ info ] [ ROUTE ] array (
  'type' => 'module',
  'module' => 
  array (
    0 => 'index',
    1 => 'index',
    2 => 'personal',
  ),
)
[ info ] [ HEADER ] array (
  'accept-language' => 'zh-CN,zh;q=0.8',
  'accept-encoding' => 'gzip, deflate',
  'referer' => 'http://www.pys.com/mengchong/public/index.php/index/service/index.html',
  'accept' => 'text/html,application/xhtml+xml,application/xml;q=0.9,image/webp,image/apng,*/*;q=0.8',
  'user-agent' => 'Mozilla/5.0 (iPhone; CPU iPhone OS 9_1 like Mac OS X) AppleWebKit/601.1.46 (KHTML, like Gecko) Version/9.0 Mobile/13B143 Safari/601.1',
  'upgrade-insecure-requests' => '1',
  'connection' => 'close',
  'host' => 'www.pys.com',
)
[ info ] [ PARAM ] array (
)
[ info ] [ RUN ] app\index\controller\Index->personal[ E:\PYS\mengchong\application\index\controller\Index.php ]
[ info ] [ SESSION ] INIT array (
  'id' => '',
  'var_session_id' => '',
  'prefix' => 'think',
  'type' => '',
  'auto_start' => true,
)
[ info ] [ VIEW ] E:\PYS\mengchong\public/../application/index\view\index\personal.html [ array (
  0 => 'session',
) ]
[ info ] [ LOG ] INIT File

---------------------------------------------------------------
[ 2017-05-02T09:42:40+08:00 ] 127.0.0.1 127.0.0.1 GET /mengchong/public/index.php/index/index/js/fc194781f111c9adf2b8.vendors.min.js
[ log ] www.pys.com/mengchong/public/index.php/index/index/js/fc194781f111c9adf2b8.vendors.min.js [运行时间：0.109349s][吞吐率：9.15req/s] [内存消耗：1,254.70kb] [文件加载：48]
[ info ] [ LANG ] E:\PYS\mengchong\thinkphp\lang\zh-cn.php
[ info ] [ ROUTE ] array (
  'type' => 'module',
  'module' => 
  array (
    0 => 'index',
    1 => 'index',
    2 => 'js',
  ),
)
[ info ] [ HEADER ] array (
  'cookie' => 'PHPSESSID=9ijutkb6nr019dalksm13fipm6',
  'accept-language' => 'zh-CN,zh;q=0.8',
  'accept-encoding' => 'gzip, deflate',
  'referer' => 'http://www.pys.com/mengchong/public/index.php/index/index/personal.html',
  'accept' => '*/*',
  'user-agent' => 'Mozilla/5.0 (iPhone; CPU iPhone OS 9_1 like Mac OS X) AppleWebKit/601.1.46 (KHTML, like Gecko) Version/9.0 Mobile/13B143 Safari/601.1',
  'connection' => 'close',
  'host' => 'www.pys.com',
)
[ info ] [ PARAM ] array (
)
[ info ] [ LOG ] INIT File

---------------------------------------------------------------
[ 2017-05-02T09:42:40+08:00 ] 127.0.0.1 127.0.0.1 GET /mengchong/public/index.php/index/api.share.baidu.com/s.gif?r=http%3A%2F%2Fwww.pys.com%2Fmengchong%2Fpublic%2Findex.php%2Findex%2Fservice%2Findex.html&l=http://www.pys.com/mengchong/public/index.php/index/index/personal.html
[ log ] www.pys.com/mengchong/public/index.php/index/api.share.baidu.com/s.gif?r=http%3A%2F%2Fwww.pys.com%2Fmengchong%2Fpublic%2Findex.php%2Findex%2Fservice%2Findex.html&l=http://www.pys.com/mengchong/public/index.php/index/index/personal.html [运行时间：0.020991s][吞吐率：47.64req/s] [内存消耗：999.46kb] [文件加载：41]
[ info ] [ LANG ] E:\PYS\mengchong\thinkphp\lang\zh-cn.php
[ info ] [ ROUTE ] array (
  'type' => 'module',
  'module' => 
  array (
    0 => 'index',
    1 => 'api.share.baidu.com',
    2 => 's.gif',
  ),
)
[ info ] [ HEADER ] array (
  'cookie' => 'PHPSESSID=9ijutkb6nr019dalksm13fipm6',
  'accept-language' => 'zh-CN,zh;q=0.8',
  'accept-encoding' => 'gzip, deflate',
  'referer' => 'http://www.pys.com/mengchong/public/index.php/index/index/personal.html',
  'accept' => 'image/webp,image/apng,image/*,*/*;q=0.8',
  'user-agent' => 'Mozilla/5.0 (iPhone; CPU iPhone OS 9_1 like Mac OS X) AppleWebKit/601.1.46 (KHTML, like Gecko) Version/9.0 Mobile/13B143 Safari/601.1',
  'connection' => 'close',
  'host' => 'www.pys.com',
)
[ info ] [ PARAM ] array (
  'r' => 'http://www.pys.com/mengchong/public/index.php/index/service/index.html',
  'l' => 'http://www.pys.com/mengchong/public/index.php/index/index/personal.html',
)
[ info ] [ LOG ] INIT File

---------------------------------------------------------------
[ 2017-05-02T09:42:41+08:00 ] 127.0.0.1 127.0.0.1 GET /mengchong/public/index.php/index/index/js/acd1ae1fd70dbc450b6f.personal.min.js
[ log ] www.pys.com/mengchong/public/index.php/index/index/js/acd1ae1fd70dbc450b6f.personal.min.js [运行时间：0.026939s][吞吐率：37.12req/s] [内存消耗：1,254.70kb] [文件加载：48]
[ info ] [ LANG ] E:\PYS\mengchong\thinkphp\lang\zh-cn.php
[ info ] [ ROUTE ] array (
  'type' => 'module',
  'module' => 
  array (
    0 => 'index',
    1 => 'index',
    2 => 'js',
  ),
)
[ info ] [ HEADER ] array (
  'cookie' => 'PHPSESSID=9ijutkb6nr019dalksm13fipm6',
  'accept-language' => 'zh-CN,zh;q=0.8',
  'accept-encoding' => 'gzip, deflate',
  'referer' => 'http://www.pys.com/mengchong/public/index.php/index/index/personal.html',
  'accept' => '*/*',
  'user-agent' => 'Mozilla/5.0 (iPhone; CPU iPhone OS 9_1 like Mac OS X) AppleWebKit/601.1.46 (KHTML, like Gecko) Version/9.0 Mobile/13B143 Safari/601.1',
  'connection' => 'close',
  'host' => 'www.pys.com',
)
[ info ] [ PARAM ] array (
)
[ info ] [ LOG ] INIT File

---------------------------------------------------------------
[ 2017-05-02T09:42:43+08:00 ] 127.0.0.1 127.0.0.1 GET /mengchong/public/index.php/index/index/index.html
[ log ] www.pys.com/mengchong/public/index.php/index/index/index.html [运行时间：0.108489s][吞吐率：9.22req/s] [内存消耗：2,086.28kb] [文件加载：55]
[ info ] [ LANG ] E:\PYS\mengchong\thinkphp\lang\zh-cn.php
[ info ] [ ROUTE ] array (
  'type' => 'module',
  'module' => 
  array (
    0 => 'index',
    1 => 'index',
    2 => 'index',
  ),
)
[ info ] [ HEADER ] array (
  'cookie' => 'thinkphp_show_page_trace=0|0; PHPSESSID=9ijutkb6nr019dalksm13fipm6',
  'accept-language' => 'zh-CN,zh;q=0.8',
  'accept-encoding' => 'gzip, deflate',
  'referer' => 'http://www.pys.com/mengchong/public/index.php/index/index/personal.html',
  'accept' => 'text/html,application/xhtml+xml,application/xml;q=0.9,image/webp,image/apng,*/*;q=0.8',
  'user-agent' => 'Mozilla/5.0 (iPhone; CPU iPhone OS 9_1 like Mac OS X) AppleWebKit/601.1.46 (KHTML, like Gecko) Version/9.0 Mobile/13B143 Safari/601.1',
  'upgrade-insecure-requests' => '1',
  'connection' => 'close',
  'host' => 'www.pys.com',
)
[ info ] [ PARAM ] array (
)
[ info ] [ RUN ] app\index\controller\Index->index[ E:\PYS\mengchong\application\index\controller\Index.php ]
[ info ] [ DB ] INIT mysql
[ info ] [ SESSION ] INIT array (
  'id' => '',
  'var_session_id' => '',
  'prefix' => 'think',
  'type' => '',
  'auto_start' => true,
)
[ info ] [ VIEW ] E:\PYS\mengchong\public/../application/index\view\index\index.html [ array (
  0 => 'data_new',
  1 => 'data_hot',
  2 => 'status',
  3 => 'model_category',
) ]
[ info ] [ LOG ] INIT File
[ sql ] [ DB ] CONNECT:[ UseTime:0.002450s ] mysql:dbname=mengchong;host=192.168.1.192;charset=utf8
[ sql ] [ SQL ] SHOW COLUMNS FROM `mc_goods` [ RunTime:0.066396s ]
[ sql ] [ SQL ] SELECT * FROM `mc_goods` WHERE  (  1=1 ) ORDER BY `add_time`  desc LIMIT 8 [ RunTime:0.001273s ]
[ sql ] [ SQL ] SELECT * FROM `mc_goods` WHERE  (  1=1 ) ORDER BY `is_hot`  desc LIMIT 8 [ RunTime:0.001098s ]
[ sql ] [ SQL ] SHOW COLUMNS FROM `mc_category` [ RunTime:0.001313s ]
[ sql ] [ SQL ] SELECT * FROM `mc_category` WHERE  `p_id` = 0 [ RunTime:0.001147s ]

---------------------------------------------------------------
[ 2017-05-02T09:42:46+08:00 ] 127.0.0.1 127.0.0.1 GET /mengchong/public/index.php/index/service/index.html
[ log ] www.pys.com/mengchong/public/index.php/index/service/index.html [运行时间：0.070160s][吞吐率：14.25req/s] [内存消耗：2,023.27kb] [文件加载：52]
[ info ] [ LANG ] E:\PYS\mengchong\thinkphp\lang\zh-cn.php
[ info ] [ ROUTE ] array (
  'type' => 'module',
  'module' => 
  array (
    0 => 'index',
    1 => 'service',
    2 => 'index',
  ),
)
[ info ] [ HEADER ] array (
  'cookie' => 'thinkphp_show_page_trace=0|0; PHPSESSID=9ijutkb6nr019dalksm13fipm6',
  'accept-language' => 'zh-CN,zh;q=0.8',
  'accept-encoding' => 'gzip, deflate',
  'referer' => 'http://www.pys.com/mengchong/public/index.php/index/index/index.html',
  'accept' => 'text/html,application/xhtml+xml,application/xml;q=0.9,image/webp,image/apng,*/*;q=0.8',
  'user-agent' => 'Mozilla/5.0 (iPhone; CPU iPhone OS 9_1 like Mac OS X) AppleWebKit/601.1.46 (KHTML, like Gecko) Version/9.0 Mobile/13B143 Safari/601.1',
  'upgrade-insecure-requests' => '1',
  'connection' => 'close',
  'host' => 'www.pys.com',
)
[ info ] [ PARAM ] array (
)
[ info ] [ RUN ] app\index\controller\Service->index[ E:\PYS\mengchong\application\index\controller\Service.php ]
[ info ] [ DB ] INIT mysql
[ info ] [ VIEW ] E:\PYS\mengchong\public/../application/index\view\service\index.html [ array (
  0 => 'data',
) ]
[ info ] [ LOG ] INIT File
[ sql ] [ DB ] CONNECT:[ UseTime:0.002024s ] mysql:dbname=mengchong;host=192.168.1.192;charset=utf8
[ sql ] [ SQL ] SHOW COLUMNS FROM `mc_merchant` [ RunTime:0.034431s ]
[ sql ] [ SQL ] SELECT * FROM `mc_merchant` [ RunTime:0.001610s ]

---------------------------------------------------------------
[ 2017-05-02T09:42:48+08:00 ] 127.0.0.1 127.0.0.1 GET /mengchong/public/index.php/index/service/lists.html
[ log ] www.pys.com/mengchong/public/index.php/index/service/lists.html [运行时间：0.128585s][吞吐率：7.78req/s] [内存消耗：2,019.30kb] [文件加载：52]
[ info ] [ LANG ] E:\PYS\mengchong\thinkphp\lang\zh-cn.php
[ info ] [ ROUTE ] array (
  'type' => 'module',
  'module' => 
  array (
    0 => 'index',
    1 => 'service',
    2 => 'lists',
  ),
)
[ info ] [ HEADER ] array (
  'cookie' => 'thinkphp_show_page_trace=0|0; PHPSESSID=9ijutkb6nr019dalksm13fipm6',
  'accept-language' => 'zh-CN,zh;q=0.8',
  'accept-encoding' => 'gzip, deflate',
  'referer' => 'http://www.pys.com/mengchong/public/index.php/index/service/index.html',
  'accept' => 'text/html,application/xhtml+xml,application/xml;q=0.9,image/webp,image/apng,*/*;q=0.8',
  'user-agent' => 'Mozilla/5.0 (iPhone; CPU iPhone OS 9_1 like Mac OS X) AppleWebKit/601.1.46 (KHTML, like Gecko) Version/9.0 Mobile/13B143 Safari/601.1',
  'upgrade-insecure-requests' => '1',
  'connection' => 'close',
  'host' => 'www.pys.com',
)
[ info ] [ PARAM ] array (
)
[ info ] [ RUN ] app\index\controller\Service->lists[ E:\PYS\mengchong\application\index\controller\Service.php ]
[ info ] [ DB ] INIT mysql
[ info ] [ VIEW ] E:\PYS\mengchong\public/../application/index\view\service\lists.html [ array (
  0 => 'data',
) ]
[ info ] [ LOG ] INIT File
[ sql ] [ DB ] CONNECT:[ UseTime:0.012155s ] mysql:dbname=mengchong;host=192.168.1.192;charset=utf8
[ sql ] [ SQL ] SHOW COLUMNS FROM `mc_merchant` [ RunTime:0.038537s ]
[ sql ] [ SQL ] SELECT * FROM `mc_merchant` [ RunTime:0.009770s ]

---------------------------------------------------------------
[ 2017-05-02T09:42:55+08:00 ] 127.0.0.1 127.0.0.1 GET /mengchong/public/index.php/index/service/show/id/1.html
[ log ] www.pys.com/mengchong/public/index.php/index/service/show/id/1.html [运行时间：0.203778s][吞吐率：4.91req/s] [内存消耗：1,987.10kb] [文件加载：52]
[ info ] [ LANG ] E:\PYS\mengchong\thinkphp\lang\zh-cn.php
[ info ] [ ROUTE ] array (
  'type' => 'module',
  'module' => 
  array (
    0 => 'index',
    1 => 'service',
    2 => 'show',
  ),
)
[ info ] [ HEADER ] array (
  'cookie' => 'thinkphp_show_page_trace=0|0; PHPSESSID=9ijutkb6nr019dalksm13fipm6',
  'accept-language' => 'zh-CN,zh;q=0.8',
  'accept-encoding' => 'gzip, deflate',
  'referer' => 'http://www.pys.com/mengchong/public/index.php/index/service/index.html',
  'accept' => 'text/html,application/xhtml+xml,application/xml;q=0.9,image/webp,image/apng,*/*;q=0.8',
  'user-agent' => 'Mozilla/5.0 (iPhone; CPU iPhone OS 9_1 like Mac OS X) AppleWebKit/601.1.46 (KHTML, like Gecko) Version/9.0 Mobile/13B143 Safari/601.1',
  'upgrade-insecure-requests' => '1',
  'connection' => 'close',
  'host' => 'www.pys.com',
)
[ info ] [ PARAM ] array (
  'id' => '1',
)
[ info ] [ RUN ] app\index\controller\Service->show[ E:\PYS\mengchong\application\index\controller\Service.php ]
[ info ] [ DB ] INIT mysql
[ info ] [ VIEW ] E:\PYS\mengchong\public/../application/index\view\service\show.html [ array (
  0 => 'data',
) ]
[ info ] [ LOG ] INIT File
[ sql ] [ DB ] CONNECT:[ UseTime:0.002345s ] mysql:dbname=mengchong;host=192.168.1.192;charset=utf8
[ sql ] [ SQL ] SHOW COLUMNS FROM `mc_merchant` [ RunTime:0.070435s ]
[ sql ] [ SQL ] SELECT * FROM `mc_merchant` WHERE  `mid` = 1 LIMIT 1 [ RunTime:0.001118s ]

---------------------------------------------------------------
[ 2017-05-02T09:48:19+08:00 ] 127.0.0.1 127.0.0.1 GET /mengchong/public/index.php/index/service/lists.html
[ log ] www.pys.com/mengchong/public/index.php/index/service/lists.html [运行时间：0.074317s][吞吐率：13.46req/s] [内存消耗：2,019.20kb] [文件加载：52]
[ info ] [ LANG ] E:\PYS\mengchong\thinkphp\lang\zh-cn.php
[ info ] [ ROUTE ] array (
  'type' => 'module',
  'module' => 
  array (
    0 => 'index',
    1 => 'service',
    2 => 'lists',
  ),
)
[ info ] [ HEADER ] array (
  'cookie' => 'thinkphp_show_page_trace=0|0; PHPSESSID=9ijutkb6nr019dalksm13fipm6',
  'accept-language' => 'zh-CN,zh;q=0.8',
  'accept-encoding' => 'gzip, deflate',
  'referer' => 'http://www.pys.com/mengchong/public/index.php/index/service/index.html',
  'accept' => 'text/html,application/xhtml+xml,application/xml;q=0.9,image/webp,image/apng,*/*;q=0.8',
  'user-agent' => 'Mozilla/5.0 (iPhone; CPU iPhone OS 9_1 like Mac OS X) AppleWebKit/601.1.46 (KHTML, like Gecko) Version/9.0 Mobile/13B143 Safari/601.1',
  'upgrade-insecure-requests' => '1',
  'connection' => 'close',
  'host' => 'www.pys.com',
)
[ info ] [ PARAM ] array (
)
[ info ] [ RUN ] app\index\controller\Service->lists[ E:\PYS\mengchong\application\index\controller\Service.php ]
[ info ] [ DB ] INIT mysql
[ info ] [ VIEW ] E:\PYS\mengchong\public/../application/index\view\service\lists.html [ array (
  0 => 'data',
) ]
[ info ] [ LOG ] INIT File
[ sql ] [ DB ] CONNECT:[ UseTime:0.002729s ] mysql:dbname=mengchong;host=192.168.1.192;charset=utf8
[ sql ] [ SQL ] SHOW COLUMNS FROM `mc_merchant` [ RunTime:0.032762s ]
[ sql ] [ SQL ] SELECT * FROM `mc_merchant` [ RunTime:0.001845s ]

---------------------------------------------------------------
[ 2017-05-02T09:48:27+08:00 ] 127.0.0.1 127.0.0.1 GET /mengchong/public/index.php/index/index/index.html
[ log ] www.pys.com/mengchong/public/index.php/index/index/index.html [运行时间：0.104690s][吞吐率：9.55req/s] [内存消耗：2,086.28kb] [文件加载：55]
[ info ] [ LANG ] E:\PYS\mengchong\thinkphp\lang\zh-cn.php
[ info ] [ ROUTE ] array (
  'type' => 'module',
  'module' => 
  array (
    0 => 'index',
    1 => 'index',
    2 => 'index',
  ),
)
[ info ] [ HEADER ] array (
  'cookie' => 'thinkphp_show_page_trace=0|0; PHPSESSID=9ijutkb6nr019dalksm13fipm6',
  'accept-language' => 'zh-CN,zh;q=0.8',
  'accept-encoding' => 'gzip, deflate',
  'referer' => 'http://www.pys.com/mengchong/public/index.php/index/index/personal.html',
  'accept' => 'text/html,application/xhtml+xml,application/xml;q=0.9,image/webp,image/apng,*/*;q=0.8',
  'user-agent' => 'Mozilla/5.0 (iPhone; CPU iPhone OS 9_1 like Mac OS X) AppleWebKit/601.1.46 (KHTML, like Gecko) Version/9.0 Mobile/13B143 Safari/601.1',
  'upgrade-insecure-requests' => '1',
  'connection' => 'close',
  'host' => 'www.pys.com',
)
[ info ] [ PARAM ] array (
)
[ info ] [ RUN ] app\index\controller\Index->index[ E:\PYS\mengchong\application\index\controller\Index.php ]
[ info ] [ DB ] INIT mysql
[ info ] [ SESSION ] INIT array (
  'id' => '',
  'var_session_id' => '',
  'prefix' => 'think',
  'type' => '',
  'auto_start' => true,
)
[ info ] [ VIEW ] E:\PYS\mengchong\public/../application/index\view\index\index.html [ array (
  0 => 'data_new',
  1 => 'data_hot',
  2 => 'status',
  3 => 'model_category',
) ]
[ info ] [ LOG ] INIT File
[ sql ] [ DB ] CONNECT:[ UseTime:0.011155s ] mysql:dbname=mengchong;host=192.168.1.192;charset=utf8
[ sql ] [ SQL ] SHOW COLUMNS FROM `mc_goods` [ RunTime:0.027980s ]
[ sql ] [ SQL ] SELECT * FROM `mc_goods` WHERE  (  1=1 ) ORDER BY `add_time`  desc LIMIT 8 [ RunTime:0.013513s ]
[ sql ] [ SQL ] SELECT * FROM `mc_goods` WHERE  (  1=1 ) ORDER BY `is_hot`  desc LIMIT 8 [ RunTime:0.013079s ]
[ sql ] [ SQL ] SHOW COLUMNS FROM `mc_category` [ RunTime:0.001250s ]
[ sql ] [ SQL ] SELECT * FROM `mc_category` WHERE  `p_id` = 0 [ RunTime:0.000833s ]

---------------------------------------------------------------
[ 2017-05-02T09:48:29+08:00 ] 127.0.0.1 127.0.0.1 GET /mengchong/public/index.php/index/bbs/index.html
[ log ] www.pys.com/mengchong/public/index.php/index/bbs/index.html [运行时间：0.164203s][吞吐率：6.09req/s] [内存消耗：2,078.87kb] [文件加载：56]
[ info ] [ LANG ] E:\PYS\mengchong\thinkphp\lang\zh-cn.php
[ info ] [ ROUTE ] array (
  'type' => 'module',
  'module' => 
  array (
    0 => 'index',
    1 => 'bbs',
    2 => 'index',
  ),
)
[ info ] [ HEADER ] array (
  'cookie' => 'PHPSESSID=9ijutkb6nr019dalksm13fipm6',
  'accept-language' => 'zh-CN,zh;q=0.8',
  'accept-encoding' => 'gzip, deflate',
  'referer' => 'http://www.pys.com/mengchong/public/index.php/index/index/index.html',
  'accept' => 'text/html,application/xhtml+xml,application/xml;q=0.9,image/webp,image/apng,*/*;q=0.8',
  'user-agent' => 'Mozilla/5.0 (iPhone; CPU iPhone OS 9_1 like Mac OS X) AppleWebKit/601.1.46 (KHTML, like Gecko) Version/9.0 Mobile/13B143 Safari/601.1',
  'upgrade-insecure-requests' => '1',
  'connection' => 'close',
  'host' => 'www.pys.com',
)
[ info ] [ PARAM ] array (
)
[ info ] [ SESSION ] INIT array (
  'id' => '',
  'var_session_id' => '',
  'prefix' => 'think',
  'type' => '',
  'auto_start' => true,
)
[ info ] [ RUN ] app\index\controller\Bbs->index[ E:\PYS\mengchong\application\index\controller\Bbs.php ]
[ info ] [ DB ] INIT mysql
[ info ] [ VIEW ] E:\PYS\mengchong\public/../application/index\view\bbs\index.html [ array (
  0 => 'data',
  1 => 'sections',
  2 => 'state',
  3 => 'username',
) ]
[ info ] [ LOG ] INIT File
[ sql ] [ DB ] CONNECT:[ UseTime:0.001939s ] mysql:dbname=mengchong;host=192.168.1.192;charset=utf8
[ sql ] [ SQL ] SHOW COLUMNS FROM `mc_bbstopic` [ RunTime:0.018739s ]
[ sql ] [ SQL ] SELECT * FROM `mc_bbstopic` WHERE  `tstate` = 2 ORDER BY tid desc LIMIT 10 [ RunTime:0.001003s ]
[ sql ] [ SQL ] SHOW COLUMNS FROM `mc_bbssection` [ RunTime:0.023427s ]
[ sql ] [ SQL ] SELECT * FROM `mc_bbssection` [ RunTime:0.001256s ]

---------------------------------------------------------------
[ 2017-05-02T09:48:37+08:00 ] 127.0.0.1 127.0.0.1 GET /mengchong/public/index.php/index/login/login.html
[ log ] www.pys.com/mengchong/public/index.php/index/login/login.html [运行时间：0.140207s][吞吐率：7.13req/s] [内存消耗：1,374.81kb] [文件加载：47]
[ info ] [ LANG ] E:\PYS\mengchong\thinkphp\lang\zh-cn.php
[ info ] [ ROUTE ] array (
  'type' => 'module',
  'module' => 
  array (
    0 => 'index',
    1 => 'login',
    2 => 'login',
  ),
)
[ info ] [ HEADER ] array (
  'cookie' => 'PHPSESSID=9ijutkb6nr019dalksm13fipm6',
  'accept-language' => 'zh-CN,zh;q=0.8',
  'accept-encoding' => 'gzip, deflate',
  'referer' => 'http://www.pys.com/mengchong/public/index.php/index/bbs/index.html',
  'accept' => 'text/html,application/xhtml+xml,application/xml;q=0.9,image/webp,image/apng,*/*;q=0.8',
  'user-agent' => 'Mozilla/5.0 (iPhone; CPU iPhone OS 9_1 like Mac OS X) AppleWebKit/601.1.46 (KHTML, like Gecko) Version/9.0 Mobile/13B143 Safari/601.1',
  'upgrade-insecure-requests' => '1',
  'connection' => 'close',
  'host' => 'www.pys.com',
)
[ info ] [ PARAM ] array (
)
[ info ] [ RUN ] app\index\controller\Login->login[ E:\PYS\mengchong\application\index\controller\Login.php ]
[ info ] [ VIEW ] E:\PYS\mengchong\public/../application/index\view\login\login.html [ array (
) ]
[ info ] [ SESSION ] INIT array (
  'id' => '',
  'var_session_id' => '',
  'prefix' => 'think',
  'type' => '',
  'auto_start' => true,
)
[ info ] [ LOG ] INIT File

---------------------------------------------------------------
[ 2017-05-02T09:48:37+08:00 ] 127.0.0.1 127.0.0.1 GET /mengchong/public/index.php/index/login/js/fc194781f111c9adf2b8.vendors.min.js
[ log ] www.pys.com/mengchong/public/index.php/index/login/js/fc194781f111c9adf2b8.vendors.min.js [运行时间：0.028361s][吞吐率：35.26req/s] [内存消耗：1,031.44kb] [文件加载：42]
[ info ] [ LANG ] E:\PYS\mengchong\thinkphp\lang\zh-cn.php
[ info ] [ ROUTE ] array (
  'type' => 'module',
  'module' => 
  array (
    0 => 'index',
    1 => 'login',
    2 => 'js',
  ),
)
[ info ] [ HEADER ] array (
  'cookie' => 'PHPSESSID=9ijutkb6nr019dalksm13fipm6',
  'accept-language' => 'zh-CN,zh;q=0.8',
  'accept-encoding' => 'gzip, deflate',
  'referer' => 'http://www.pys.com/mengchong/public/index.php/index/login/login.html',
  'accept' => '*/*',
  'user-agent' => 'Mozilla/5.0 (iPhone; CPU iPhone OS 9_1 like Mac OS X) AppleWebKit/601.1.46 (KHTML, like Gecko) Version/9.0 Mobile/13B143 Safari/601.1',
  'connection' => 'close',
  'host' => 'www.pys.com',
)
[ info ] [ PARAM ] array (
)
[ info ] [ LOG ] INIT File

---------------------------------------------------------------
[ 2017-05-02T09:48:38+08:00 ] 127.0.0.1 127.0.0.1 GET /mengchong/public/index.php/index/login/js/fc194781f111c9adf2b8.vendors.min.js
[ log ] www.pys.com/mengchong/public/index.php/index/login/js/fc194781f111c9adf2b8.vendors.min.js [运行时间：0.026068s][吞吐率：38.36req/s] [内存消耗：1,031.44kb] [文件加载：42]
[ info ] [ LANG ] E:\PYS\mengchong\thinkphp\lang\zh-cn.php
[ info ] [ ROUTE ] array (
  'type' => 'module',
  'module' => 
  array (
    0 => 'index',
    1 => 'login',
    2 => 'js',
  ),
)
[ info ] [ HEADER ] array (
  'cookie' => 'PHPSESSID=9ijutkb6nr019dalksm13fipm6',
  'accept-language' => 'zh-CN,zh;q=0.8',
  'accept-encoding' => 'gzip, deflate',
  'referer' => 'http://www.pys.com/mengchong/public/index.php/index/login/login.html',
  'accept' => '*/*',
  'user-agent' => 'Mozilla/5.0 (iPhone; CPU iPhone OS 9_1 like Mac OS X) AppleWebKit/601.1.46 (KHTML, like Gecko) Version/9.0 Mobile/13B143 Safari/601.1',
  'connection' => 'close',
  'host' => 'www.pys.com',
)
[ info ] [ PARAM ] array (
)
[ info ] [ LOG ] INIT File

---------------------------------------------------------------
[ 2017-05-02T09:48:38+08:00 ] 127.0.0.1 127.0.0.1 GET /mengchong/public/index.php/index/api.share.baidu.com/s.gif?r=http%3A%2F%2Fwww.pys.com%2Fmengchong%2Fpublic%2Findex.php%2Findex%2Fbbs%2Findex.html&l=http://www.pys.com/mengchong/public/index.php/index/login/login.html
[ log ] www.pys.com/mengchong/public/index.php/index/api.share.baidu.com/s.gif?r=http%3A%2F%2Fwww.pys.com%2Fmengchong%2Fpublic%2Findex.php%2Findex%2Fbbs%2Findex.html&l=http://www.pys.com/mengchong/public/index.php/index/login/login.html [运行时间：0.026082s][吞吐率：38.34req/s] [内存消耗：999.52kb] [文件加载：41]
[ info ] [ LANG ] E:\PYS\mengchong\thinkphp\lang\zh-cn.php
[ info ] [ ROUTE ] array (
  'type' => 'module',
  'module' => 
  array (
    0 => 'index',
    1 => 'api.share.baidu.com',
    2 => 's.gif',
  ),
)
[ info ] [ HEADER ] array (
  'cookie' => 'PHPSESSID=9ijutkb6nr019dalksm13fipm6',
  'accept-language' => 'zh-CN,zh;q=0.8',
  'accept-encoding' => 'gzip, deflate',
  'referer' => 'http://www.pys.com/mengchong/public/index.php/index/login/login.html',
  'accept' => 'image/webp,image/apng,image/*,*/*;q=0.8',
  'user-agent' => 'Mozilla/5.0 (iPhone; CPU iPhone OS 9_1 like Mac OS X) AppleWebKit/601.1.46 (KHTML, like Gecko) Version/9.0 Mobile/13B143 Safari/601.1',
  'connection' => 'close',
  'host' => 'www.pys.com',
)
[ info ] [ PARAM ] array (
  'r' => 'http://www.pys.com/mengchong/public/index.php/index/bbs/index.html',
  'l' => 'http://www.pys.com/mengchong/public/index.php/index/login/login.html',
)
[ info ] [ LOG ] INIT File

---------------------------------------------------------------
[ 2017-05-02T09:48:38+08:00 ] 127.0.0.1 127.0.0.1 GET /mengchong/public/index.php/index/login/js/a0163908cee0a6e2bd22.login.min.js
[ log ] www.pys.com/mengchong/public/index.php/index/login/js/a0163908cee0a6e2bd22.login.min.js [运行时间：0.023420s][吞吐率：42.70req/s] [内存消耗：1,031.43kb] [文件加载：42]
[ info ] [ LANG ] E:\PYS\mengchong\thinkphp\lang\zh-cn.php
[ info ] [ ROUTE ] array (
  'type' => 'module',
  'module' => 
  array (
    0 => 'index',
    1 => 'login',
    2 => 'js',
  ),
)
[ info ] [ HEADER ] array (
  'cookie' => 'PHPSESSID=9ijutkb6nr019dalksm13fipm6',
  'accept-language' => 'zh-CN,zh;q=0.8',
  'accept-encoding' => 'gzip, deflate',
  'referer' => 'http://www.pys.com/mengchong/public/index.php/index/login/login.html',
  'accept' => '*/*',
  'user-agent' => 'Mozilla/5.0 (iPhone; CPU iPhone OS 9_1 like Mac OS X) AppleWebKit/601.1.46 (KHTML, like Gecko) Version/9.0 Mobile/13B143 Safari/601.1',
  'connection' => 'close',
  'host' => 'www.pys.com',
)
[ info ] [ PARAM ] array (
)
[ info ] [ LOG ] INIT File

---------------------------------------------------------------
[ 2017-05-02T09:49:00+08:00 ] 127.0.0.1 127.0.0.1 GET /mengchong/public/index.php/index/bbs/index.html
[ log ] www.pys.com/mengchong/public/index.php/index/bbs/index.html [运行时间：0.095424s][吞吐率：10.48req/s] [内存消耗：2,079.05kb] [文件加载：56]
[ info ] [ LANG ] E:\PYS\mengchong\thinkphp\lang\zh-cn.php
[ info ] [ ROUTE ] array (
  'type' => 'module',
  'module' => 
  array (
    0 => 'index',
    1 => 'bbs',
    2 => 'index',
  ),
)
[ info ] [ HEADER ] array (
  'cookie' => 'thinkphp_show_page_trace=0|0; PHPSESSID=9ijutkb6nr019dalksm13fipm6',
  'accept-language' => 'zh-CN,zh;q=0.8',
  'accept-encoding' => 'gzip, deflate',
  'referer' => 'http://www.pys.com/mengchong/public/index.php/index/index/index.html',
  'accept' => 'text/html,application/xhtml+xml,application/xml;q=0.9,image/webp,image/apng,*/*;q=0.8',
  'user-agent' => 'Mozilla/5.0 (iPhone; CPU iPhone OS 9_1 like Mac OS X) AppleWebKit/601.1.46 (KHTML, like Gecko) Version/9.0 Mobile/13B143 Safari/601.1',
  'upgrade-insecure-requests' => '1',
  'connection' => 'close',
  'host' => 'www.pys.com',
)
[ info ] [ PARAM ] array (
)
[ info ] [ SESSION ] INIT array (
  'id' => '',
  'var_session_id' => '',
  'prefix' => 'think',
  'type' => '',
  'auto_start' => true,
)
[ info ] [ RUN ] app\index\controller\Bbs->index[ E:\PYS\mengchong\application\index\controller\Bbs.php ]
[ info ] [ DB ] INIT mysql
[ info ] [ VIEW ] E:\PYS\mengchong\public/../application/index\view\bbs\index.html [ array (
  0 => 'data',
  1 => 'sections',
  2 => 'state',
  3 => 'username',
) ]
[ info ] [ LOG ] INIT File
[ sql ] [ DB ] CONNECT:[ UseTime:0.018201s ] mysql:dbname=mengchong;host=192.168.1.192;charset=utf8
[ sql ] [ SQL ] SHOW COLUMNS FROM `mc_bbstopic` [ RunTime:0.027346s ]
[ sql ] [ SQL ] SELECT * FROM `mc_bbstopic` WHERE  `tstate` = 2 ORDER BY tid desc LIMIT 10 [ RunTime:0.001141s ]
[ sql ] [ SQL ] SHOW COLUMNS FROM `mc_bbssection` [ RunTime:0.001046s ]
[ sql ] [ SQL ] SELECT * FROM `mc_bbssection` [ RunTime:0.011252s ]

---------------------------------------------------------------
[ 2017-05-02T09:49:38+08:00 ] 127.0.0.1 127.0.0.1 GET /mengchong/public/index.php/index/bbs/liebiao?id=1
[ log ] www.pys.com/mengchong/public/index.php/index/bbs/liebiao?id=1 [运行时间：0.126714s][吞吐率：7.89req/s] [内存消耗：2,226.73kb] [文件加载：58]
[ info ] [ LANG ] E:\PYS\mengchong\thinkphp\lang\zh-cn.php
[ info ] [ ROUTE ] array (
  'type' => 'module',
  'module' => 
  array (
    0 => 'index',
    1 => 'bbs',
    2 => 'liebiao',
  ),
)
[ info ] [ HEADER ] array (
  'cookie' => 'thinkphp_show_page_trace=0|0; PHPSESSID=9ijutkb6nr019dalksm13fipm6',
  'accept-language' => 'zh-CN,zh;q=0.8',
  'accept-encoding' => 'gzip, deflate',
  'referer' => 'http://www.pys.com/mengchong/public/index.php/index/bbs/index.html',
  'accept' => 'text/html,application/xhtml+xml,application/xml;q=0.9,image/webp,image/apng,*/*;q=0.8',
  'user-agent' => 'Mozilla/5.0 (iPhone; CPU iPhone OS 9_1 like Mac OS X) AppleWebKit/601.1.46 (KHTML, like Gecko) Version/9.0 Mobile/13B143 Safari/601.1',
  'upgrade-insecure-requests' => '1',
  'connection' => 'close',
  'host' => 'www.pys.com',
)
[ info ] [ PARAM ] array (
  'id' => '1',
)
[ info ] [ SESSION ] INIT array (
  'id' => '',
  'var_session_id' => '',
  'prefix' => 'think',
  'type' => '',
  'auto_start' => true,
)
[ info ] [ RUN ] app\index\controller\Bbs->liebiao[ E:\PYS\mengchong\application\index\controller\Bbs.php ]
[ info ] [ DB ] INIT mysql
[ info ] [ VIEW ] E:\PYS\mengchong\public/../application/index\view\bbs\liebiao.html [ array (
  0 => 'sectiondata',
  1 => 'topicdata',
  2 => 'state',
  3 => 'pageshow',
  4 => 'username',
) ]
[ info ] [ LOG ] INIT File
[ sql ] [ DB ] CONNECT:[ UseTime:0.002337s ] mysql:dbname=mengchong;host=192.168.1.192;charset=utf8
[ sql ] [ SQL ] SHOW COLUMNS FROM `mc_bbssection` [ RunTime:0.035663s ]
[ sql ] [ SQL ] SELECT * FROM `mc_bbssection` WHERE  `sid` = 1 LIMIT 1 [ RunTime:0.000816s ]
[ sql ] [ SQL ] SHOW COLUMNS FROM `mc_bbstopic` [ RunTime:0.013037s ]
[ sql ] [ SQL ] SELECT * FROM `mc_bbstopic` WHERE  `tsid` = 1 [ RunTime:0.000965s ]
[ sql ] [ SQL ] SELECT * FROM `mc_bbstopic` WHERE  `tsid` = 1  AND `tstate` = 2 ORDER BY tid desc LIMIT 0,10 [ RunTime:0.000841s ]

---------------------------------------------------------------
[ 2017-05-02T09:49:51+08:00 ] 127.0.0.1 127.0.0.1 GET /mengchong/public/index.php/index/bbs/zhengwen?id=38
[ log ] www.pys.com/mengchong/public/index.php/index/bbs/zhengwen?id=38 [运行时间：0.231010s][吞吐率：4.33req/s] [内存消耗：2,255.05kb] [文件加载：60]
[ info ] [ LANG ] E:\PYS\mengchong\thinkphp\lang\zh-cn.php
[ info ] [ ROUTE ] array (
  'type' => 'module',
  'module' => 
  array (
    0 => 'index',
    1 => 'bbs',
    2 => 'zhengwen',
  ),
)
[ info ] [ HEADER ] array (
  'cookie' => 'thinkphp_show_page_trace=0|0; PHPSESSID=9ijutkb6nr019dalksm13fipm6',
  'accept-language' => 'zh-CN,zh;q=0.8',
  'accept-encoding' => 'gzip, deflate',
  'referer' => 'http://www.pys.com/mengchong/public/index.php/index/bbs/liebiao?id=1',
  'accept' => 'text/html,application/xhtml+xml,application/xml;q=0.9,image/webp,image/apng,*/*;q=0.8',
  'user-agent' => 'Mozilla/5.0 (iPhone; CPU iPhone OS 9_1 like Mac OS X) AppleWebKit/601.1.46 (KHTML, like Gecko) Version/9.0 Mobile/13B143 Safari/601.1',
  'upgrade-insecure-requests' => '1',
  'connection' => 'close',
  'host' => 'www.pys.com',
)
[ info ] [ PARAM ] array (
  'id' => '38',
)
[ info ] [ SESSION ] INIT array (
  'id' => '',
  'var_session_id' => '',
  'prefix' => 'think',
  'type' => '',
  'auto_start' => true,
)
[ info ] [ RUN ] app\index\controller\Bbs->zhengwen[ E:\PYS\mengchong\application\index\controller\Bbs.php ]
[ info ] [ DB ] INIT mysql
[ info ] [ CACHE ] INIT File
[ info ] [ VIEW ] E:\PYS\mengchong\public/../application/index\view\bbs\zhengwen.html [ array (
  0 => 'topicdata',
  1 => 'replydata',
  2 => 'state',
  3 => 'username',
) ]
[ info ] [ LOG ] INIT File
[ sql ] [ DB ] CONNECT:[ UseTime:0.001772s ] mysql:dbname=mengchong;host=192.168.1.192;charset=utf8
[ sql ] [ SQL ] SHOW COLUMNS FROM `mc_bbstopic` [ RunTime:0.042341s ]
[ sql ] [ SQL ] SELECT * FROM `mc_bbstopic` WHERE  `tid` = 38 LIMIT 1 [ RunTime:0.000859s ]
[ sql ] [ SQL ] UPDATE `mc_bbstopic`  SET `tclickcount`=tclickcount+1  WHERE  `tid` = 38 [ RunTime:0.049413s ]
[ sql ] [ SQL ] SHOW COLUMNS FROM `mc_bbsreply` [ RunTime:0.022624s ]
[ sql ] [ SQL ] SELECT * FROM `mc_bbsreply` WHERE  `rtid` = 38  AND `rstate` = 2 ORDER BY rid desc [ RunTime:0.013474s ]

---------------------------------------------------------------
[ 2017-05-02T09:49:51+08:00 ] 127.0.0.1 127.0.0.1 GET /mengchong/public/index.php/index/bbs/qq/zn/script/topic_reply.js
[ log ] www.pys.com/mengchong/public/index.php/index/bbs/qq/zn/script/topic_reply.js [运行时间：0.039770s][吞吐率：25.14req/s] [内存消耗：1,063.33kb] [文件加载：45]
[ info ] [ LANG ] E:\PYS\mengchong\thinkphp\lang\zh-cn.php
[ info ] [ ROUTE ] array (
  'type' => 'module',
  'module' => 
  array (
    0 => 'index',
    1 => 'bbs',
    2 => 'qq',
  ),
)
[ info ] [ HEADER ] array (
  'cookie' => 'thinkphp_show_page_trace=0|0; PHPSESSID=9ijutkb6nr019dalksm13fipm6',
  'accept-language' => 'zh-CN,zh;q=0.8',
  'accept-encoding' => 'gzip, deflate',
  'referer' => 'http://www.pys.com/mengchong/public/index.php/index/bbs/zhengwen?id=38',
  'accept' => '*/*',
  'user-agent' => 'Mozilla/5.0 (iPhone; CPU iPhone OS 9_1 like Mac OS X) AppleWebKit/601.1.46 (KHTML, like Gecko) Version/9.0 Mobile/13B143 Safari/601.1',
  'connection' => 'close',
  'host' => 'www.pys.com',
)
[ info ] [ PARAM ] array (
  'zn' => 'script',
)
[ info ] [ SESSION ] INIT array (
  'id' => '',
  'var_session_id' => '',
  'prefix' => 'think',
  'type' => '',
  'auto_start' => true,
)
[ info ] [ LOG ] INIT File

---------------------------------------------------------------
[ 2017-05-02T09:50:03+08:00 ] 127.0.0.1 127.0.0.1 GET /mengchong/public/index.php/index/bbs/liebiao?id=1
[ log ] www.pys.com/mengchong/public/index.php/index/bbs/liebiao?id=1 [运行时间：0.102940s][吞吐率：9.71req/s] [内存消耗：2,086.11kb] [文件加载：56]
[ info ] [ LANG ] E:\PYS\mengchong\thinkphp\lang\zh-cn.php
[ info ] [ ROUTE ] array (
  'type' => 'module',
  'module' => 
  array (
    0 => 'index',
    1 => 'bbs',
    2 => 'liebiao',
  ),
)
[ info ] [ HEADER ] array (
  'cookie' => 'thinkphp_show_page_trace=0|0; PHPSESSID=9ijutkb6nr019dalksm13fipm6',
  'accept-language' => 'zh-CN,zh;q=0.8',
  'accept-encoding' => 'gzip, deflate',
  'referer' => 'http://www.pys.com/mengchong/public/index.php/index/bbs/index.html',
  'accept' => 'text/html,application/xhtml+xml,application/xml;q=0.9,image/webp,image/apng,*/*;q=0.8',
  'user-agent' => 'Mozilla/5.0 (iPhone; CPU iPhone OS 9_1 like Mac OS X) AppleWebKit/601.1.46 (KHTML, like Gecko) Version/9.0 Mobile/13B143 Safari/601.1',
  'upgrade-insecure-requests' => '1',
  'connection' => 'close',
  'host' => 'www.pys.com',
)
[ info ] [ PARAM ] array (
  'id' => '1',
)
[ info ] [ SESSION ] INIT array (
  'id' => '',
  'var_session_id' => '',
  'prefix' => 'think',
  'type' => '',
  'auto_start' => true,
)
[ info ] [ RUN ] app\index\controller\Bbs->liebiao[ E:\PYS\mengchong\application\index\controller\Bbs.php ]
[ info ] [ DB ] INIT mysql
[ info ] [ VIEW ] E:\PYS\mengchong\public/../application/index\view\bbs\liebiao.html [ array (
  0 => 'sectiondata',
  1 => 'topicdata',
  2 => 'state',
  3 => 'pageshow',
  4 => 'username',
) ]
[ info ] [ LOG ] INIT File
[ sql ] [ DB ] CONNECT:[ UseTime:0.002236s ] mysql:dbname=mengchong;host=192.168.1.192;charset=utf8
[ sql ] [ SQL ] SHOW COLUMNS FROM `mc_bbssection` [ RunTime:0.037521s ]
[ sql ] [ SQL ] SELECT * FROM `mc_bbssection` WHERE  `sid` = 1 LIMIT 1 [ RunTime:0.000819s ]
[ sql ] [ SQL ] SHOW COLUMNS FROM `mc_bbstopic` [ RunTime:0.021592s ]
[ sql ] [ SQL ] SELECT * FROM `mc_bbstopic` WHERE  `tsid` = 1 [ RunTime:0.001221s ]
[ sql ] [ SQL ] SELECT * FROM `mc_bbstopic` WHERE  `tsid` = 1  AND `tstate` = 2 ORDER BY tid desc LIMIT 0,10 [ RunTime:0.001060s ]

---------------------------------------------------------------
[ 2017-05-02T09:50:08+08:00 ] 127.0.0.1 127.0.0.1 GET /mengchong/public/index.php/index/bbs/zhengwen?id=46
[ log ] www.pys.com/mengchong/public/index.php/index/bbs/zhengwen?id=46 [运行时间：0.151728s][吞吐率：6.59req/s] [内存消耗：2,127.65kb] [文件加载：58]
[ info ] [ LANG ] E:\PYS\mengchong\thinkphp\lang\zh-cn.php
[ info ] [ ROUTE ] array (
  'type' => 'module',
  'module' => 
  array (
    0 => 'index',
    1 => 'bbs',
    2 => 'zhengwen',
  ),
)
[ info ] [ HEADER ] array (
  'cookie' => 'thinkphp_show_page_trace=0|0; PHPSESSID=9ijutkb6nr019dalksm13fipm6',
  'accept-language' => 'zh-CN,zh;q=0.8',
  'accept-encoding' => 'gzip, deflate',
  'referer' => 'http://www.pys.com/mengchong/public/index.php/index/bbs/liebiao?id=1',
  'accept' => 'text/html,application/xhtml+xml,application/xml;q=0.9,image/webp,image/apng,*/*;q=0.8',
  'user-agent' => 'Mozilla/5.0 (iPhone; CPU iPhone OS 9_1 like Mac OS X) AppleWebKit/601.1.46 (KHTML, like Gecko) Version/9.0 Mobile/13B143 Safari/601.1',
  'upgrade-insecure-requests' => '1',
  'connection' => 'close',
  'host' => 'www.pys.com',
)
[ info ] [ PARAM ] array (
  'id' => '46',
)
[ info ] [ SESSION ] INIT array (
  'id' => '',
  'var_session_id' => '',
  'prefix' => 'think',
  'type' => '',
  'auto_start' => true,
)
[ info ] [ RUN ] app\index\controller\Bbs->zhengwen[ E:\PYS\mengchong\application\index\controller\Bbs.php ]
[ info ] [ DB ] INIT mysql
[ info ] [ CACHE ] INIT File
[ info ] [ VIEW ] E:\PYS\mengchong\public/../application/index\view\bbs\zhengwen.html [ array (
  0 => 'topicdata',
  1 => 'replydata',
  2 => 'state',
  3 => 'username',
) ]
[ info ] [ LOG ] INIT File
[ sql ] [ DB ] CONNECT:[ UseTime:0.029076s ] mysql:dbname=mengchong;host=192.168.1.192;charset=utf8
[ sql ] [ SQL ] SHOW COLUMNS FROM `mc_bbstopic` [ RunTime:0.004732s ]
[ sql ] [ SQL ] SELECT * FROM `mc_bbstopic` WHERE  `tid` = 46 LIMIT 1 [ RunTime:0.012455s ]
[ sql ] [ SQL ] UPDATE `mc_bbstopic`  SET `tclickcount`=tclickcount+1  WHERE  `tid` = 46 [ RunTime:0.052167s ]
[ sql ] [ SQL ] SHOW COLUMNS FROM `mc_bbsreply` [ RunTime:0.016948s ]
[ sql ] [ SQL ] SELECT * FROM `mc_bbsreply` WHERE  `rtid` = 46  AND `rstate` = 2 ORDER BY rid desc [ RunTime:0.002271s ]

---------------------------------------------------------------
[ 2017-05-02T09:50:08+08:00 ] 127.0.0.1 127.0.0.1 GET /mengchong/public/index.php/index/bbs/qq/zn/script/topic_reply.js
[ log ] www.pys.com/mengchong/public/index.php/index/bbs/qq/zn/script/topic_reply.js [运行时间：0.027628s][吞吐率：36.20req/s] [内存消耗：1,063.33kb] [文件加载：45]
[ info ] [ LANG ] E:\PYS\mengchong\thinkphp\lang\zh-cn.php
[ info ] [ ROUTE ] array (
  'type' => 'module',
  'module' => 
  array (
    0 => 'index',
    1 => 'bbs',
    2 => 'qq',
  ),
)
[ info ] [ HEADER ] array (
  'cookie' => 'thinkphp_show_page_trace=0|0; PHPSESSID=9ijutkb6nr019dalksm13fipm6',
  'accept-language' => 'zh-CN,zh;q=0.8',
  'accept-encoding' => 'gzip, deflate',
  'referer' => 'http://www.pys.com/mengchong/public/index.php/index/bbs/zhengwen?id=46',
  'accept' => '*/*',
  'user-agent' => 'Mozilla/5.0 (iPhone; CPU iPhone OS 9_1 like Mac OS X) AppleWebKit/601.1.46 (KHTML, like Gecko) Version/9.0 Mobile/13B143 Safari/601.1',
  'connection' => 'close',
  'host' => 'www.pys.com',
)
[ info ] [ PARAM ] array (
  'zn' => 'script',
)
[ info ] [ SESSION ] INIT array (
  'id' => '',
  'var_session_id' => '',
  'prefix' => 'think',
  'type' => '',
  'auto_start' => true,
)
[ info ] [ LOG ] INIT File

---------------------------------------------------------------
[ 2017-05-02T09:50:16+08:00 ] 127.0.0.1 127.0.0.1 GET /mengchong/public/index.php/index/bbs/liebiao?id=1
[ log ] www.pys.com/mengchong/public/index.php/index/bbs/liebiao?id=1 [运行时间：0.123360s][吞吐率：8.11req/s] [内存消耗：2,086.11kb] [文件加载：56]
[ info ] [ LANG ] E:\PYS\mengchong\thinkphp\lang\zh-cn.php
[ info ] [ ROUTE ] array (
  'type' => 'module',
  'module' => 
  array (
    0 => 'index',
    1 => 'bbs',
    2 => 'liebiao',
  ),
)
[ info ] [ HEADER ] array (
  'cookie' => 'thinkphp_show_page_trace=0|0; PHPSESSID=9ijutkb6nr019dalksm13fipm6',
  'accept-language' => 'zh-CN,zh;q=0.8',
  'accept-encoding' => 'gzip, deflate',
  'referer' => 'http://www.pys.com/mengchong/public/index.php/index/bbs/index.html',
  'accept' => 'text/html,application/xhtml+xml,application/xml;q=0.9,image/webp,image/apng,*/*;q=0.8',
  'user-agent' => 'Mozilla/5.0 (iPhone; CPU iPhone OS 9_1 like Mac OS X) AppleWebKit/601.1.46 (KHTML, like Gecko) Version/9.0 Mobile/13B143 Safari/601.1',
  'upgrade-insecure-requests' => '1',
  'connection' => 'close',
  'host' => 'www.pys.com',
)
[ info ] [ PARAM ] array (
  'id' => '1',
)
[ info ] [ SESSION ] INIT array (
  'id' => '',
  'var_session_id' => '',
  'prefix' => 'think',
  'type' => '',
  'auto_start' => true,
)
[ info ] [ RUN ] app\index\controller\Bbs->liebiao[ E:\PYS\mengchong\application\index\controller\Bbs.php ]
[ info ] [ DB ] INIT mysql
[ info ] [ VIEW ] E:\PYS\mengchong\public/../application/index\view\bbs\liebiao.html [ array (
  0 => 'sectiondata',
  1 => 'topicdata',
  2 => 'state',
  3 => 'pageshow',
  4 => 'username',
) ]
[ info ] [ LOG ] INIT File
[ sql ] [ DB ] CONNECT:[ UseTime:0.022121s ] mysql:dbname=mengchong;host=192.168.1.192;charset=utf8
[ sql ] [ SQL ] SHOW COLUMNS FROM `mc_bbssection` [ RunTime:0.039857s ]
[ sql ] [ SQL ] SELECT * FROM `mc_bbssection` WHERE  `sid` = 1 LIMIT 1 [ RunTime:0.003941s ]
[ sql ] [ SQL ] SHOW COLUMNS FROM `mc_bbstopic` [ RunTime:0.019716s ]
[ sql ] [ SQL ] SELECT * FROM `mc_bbstopic` WHERE  `tsid` = 1 [ RunTime:0.001211s ]
[ sql ] [ SQL ] SELECT * FROM `mc_bbstopic` WHERE  `tsid` = 1  AND `tstate` = 2 ORDER BY tid desc LIMIT 0,10 [ RunTime:0.001050s ]

---------------------------------------------------------------
[ 2017-05-02T09:50:19+08:00 ] 127.0.0.1 127.0.0.1 GET /mengchong/public/index.php/index/bbs/index.html
[ log ] www.pys.com/mengchong/public/index.php/index/bbs/index.html [运行时间：0.080411s][吞吐率：12.44req/s] [内存消耗：2,079.05kb] [文件加载：56]
[ info ] [ LANG ] E:\PYS\mengchong\thinkphp\lang\zh-cn.php
[ info ] [ ROUTE ] array (
  'type' => 'module',
  'module' => 
  array (
    0 => 'index',
    1 => 'bbs',
    2 => 'index',
  ),
)
[ info ] [ HEADER ] array (
  'cookie' => 'thinkphp_show_page_trace=0|0; PHPSESSID=9ijutkb6nr019dalksm13fipm6',
  'accept-language' => 'zh-CN,zh;q=0.8',
  'accept-encoding' => 'gzip, deflate',
  'referer' => 'http://www.pys.com/mengchong/public/index.php/index/bbs/liebiao?id=1',
  'accept' => 'text/html,application/xhtml+xml,application/xml;q=0.9,image/webp,image/apng,*/*;q=0.8',
  'user-agent' => 'Mozilla/5.0 (iPhone; CPU iPhone OS 9_1 like Mac OS X) AppleWebKit/601.1.46 (KHTML, like Gecko) Version/9.0 Mobile/13B143 Safari/601.1',
  'upgrade-insecure-requests' => '1',
  'connection' => 'close',
  'host' => 'www.pys.com',
)
[ info ] [ PARAM ] array (
)
[ info ] [ SESSION ] INIT array (
  'id' => '',
  'var_session_id' => '',
  'prefix' => 'think',
  'type' => '',
  'auto_start' => true,
)
[ info ] [ RUN ] app\index\controller\Bbs->index[ E:\PYS\mengchong\application\index\controller\Bbs.php ]
[ info ] [ DB ] INIT mysql
[ info ] [ VIEW ] E:\PYS\mengchong\public/../application/index\view\bbs\index.html [ array (
  0 => 'data',
  1 => 'sections',
  2 => 'state',
  3 => 'username',
) ]
[ info ] [ LOG ] INIT File
[ sql ] [ DB ] CONNECT:[ UseTime:0.027738s ] mysql:dbname=mengchong;host=192.168.1.192;charset=utf8
[ sql ] [ SQL ] SHOW COLUMNS FROM `mc_bbstopic` [ RunTime:0.013001s ]
[ sql ] [ SQL ] SELECT * FROM `mc_bbstopic` WHERE  `tstate` = 2 ORDER BY tid desc LIMIT 10 [ RunTime:0.001235s ]
[ sql ] [ SQL ] SHOW COLUMNS FROM `mc_bbssection` [ RunTime:0.001220s ]
[ sql ] [ SQL ] SELECT * FROM `mc_bbssection` [ RunTime:0.000836s ]

---------------------------------------------------------------
[ 2017-05-02T09:50:23+08:00 ] 127.0.0.1 127.0.0.1 GET /mengchong/public/index.php/index/bbs/index.html
[ log ] www.pys.com/mengchong/public/index.php/index/bbs/index.html [运行时间：0.076139s][吞吐率：13.13req/s] [内存消耗：2,079.25kb] [文件加载：56]
[ info ] [ LANG ] E:\PYS\mengchong\thinkphp\lang\zh-cn.php
[ info ] [ ROUTE ] array (
  'type' => 'module',
  'module' => 
  array (
    0 => 'index',
    1 => 'bbs',
    2 => 'index',
  ),
)
[ info ] [ HEADER ] array (
  'cookie' => 'thinkphp_show_page_trace=0|0; PHPSESSID=9ijutkb6nr019dalksm13fipm6',
  'accept-language' => 'zh-CN,zh;q=0.8',
  'accept-encoding' => 'gzip, deflate',
  'referer' => 'http://www.pys.com/mengchong/public/index.php/index/bbs/liebiao?id=1',
  'accept' => 'text/html,application/xhtml+xml,application/xml;q=0.9,image/webp,image/apng,*/*;q=0.8',
  'user-agent' => 'Mozilla/5.0 (iPhone; CPU iPhone OS 9_1 like Mac OS X) AppleWebKit/601.1.46 (KHTML, like Gecko) Version/9.0 Mobile/13B143 Safari/601.1',
  'upgrade-insecure-requests' => '1',
  'cache-control' => 'max-age=0',
  'connection' => 'close',
  'host' => 'www.pys.com',
)
[ info ] [ PARAM ] array (
)
[ info ] [ SESSION ] INIT array (
  'id' => '',
  'var_session_id' => '',
  'prefix' => 'think',
  'type' => '',
  'auto_start' => true,
)
[ info ] [ RUN ] app\index\controller\Bbs->index[ E:\PYS\mengchong\application\index\controller\Bbs.php ]
[ info ] [ DB ] INIT mysql
[ info ] [ VIEW ] E:\PYS\mengchong\public/../application/index\view\bbs\index.html [ array (
  0 => 'data',
  1 => 'sections',
  2 => 'state',
  3 => 'username',
) ]
[ info ] [ LOG ] INIT File
[ sql ] [ DB ] CONNECT:[ UseTime:0.011347s ] mysql:dbname=mengchong;host=192.168.1.192;charset=utf8
[ sql ] [ SQL ] SHOW COLUMNS FROM `mc_bbstopic` [ RunTime:0.002394s ]
[ sql ] [ SQL ] SELECT * FROM `mc_bbstopic` WHERE  `tstate` = 2 ORDER BY tid desc LIMIT 10 [ RunTime:0.000973s ]
[ sql ] [ SQL ] SHOW COLUMNS FROM `mc_bbssection` [ RunTime:0.022473s ]
[ sql ] [ SQL ] SELECT * FROM `mc_bbssection` [ RunTime:0.002850s ]

---------------------------------------------------------------
[ 2017-05-02T09:51:56+08:00 ] 127.0.0.1 127.0.0.1 GET /mengchong/public/index.php/index/bbs/liebiao?id=1
[ log ] www.pys.com/mengchong/public/index.php/index/bbs/liebiao?id=1 [运行时间：0.103890s][吞吐率：9.63req/s] [内存消耗：2,086.11kb] [文件加载：56]
[ info ] [ LANG ] E:\PYS\mengchong\thinkphp\lang\zh-cn.php
[ info ] [ ROUTE ] array (
  'type' => 'module',
  'module' => 
  array (
    0 => 'index',
    1 => 'bbs',
    2 => 'liebiao',
  ),
)
[ info ] [ HEADER ] array (
  'cookie' => 'thinkphp_show_page_trace=0|0; PHPSESSID=9ijutkb6nr019dalksm13fipm6',
  'accept-language' => 'zh-CN,zh;q=0.8',
  'accept-encoding' => 'gzip, deflate',
  'referer' => 'http://www.pys.com/mengchong/public/index.php/index/bbs/index.html',
  'accept' => 'text/html,application/xhtml+xml,application/xml;q=0.9,image/webp,image/apng,*/*;q=0.8',
  'user-agent' => 'Mozilla/5.0 (iPhone; CPU iPhone OS 9_1 like Mac OS X) AppleWebKit/601.1.46 (KHTML, like Gecko) Version/9.0 Mobile/13B143 Safari/601.1',
  'upgrade-insecure-requests' => '1',
  'connection' => 'close',
  'host' => 'www.pys.com',
)
[ info ] [ PARAM ] array (
  'id' => '1',
)
[ info ] [ SESSION ] INIT array (
  'id' => '',
  'var_session_id' => '',
  'prefix' => 'think',
  'type' => '',
  'auto_start' => true,
)
[ info ] [ RUN ] app\index\controller\Bbs->liebiao[ E:\PYS\mengchong\application\index\controller\Bbs.php ]
[ info ] [ DB ] INIT mysql
[ info ] [ VIEW ] E:\PYS\mengchong\public/../application/index\view\bbs\liebiao.html [ array (
  0 => 'sectiondata',
  1 => 'topicdata',
  2 => 'state',
  3 => 'pageshow',
  4 => 'username',
) ]
[ info ] [ LOG ] INIT File
[ sql ] [ DB ] CONNECT:[ UseTime:0.032321s ] mysql:dbname=mengchong;host=192.168.1.192;charset=utf8
[ sql ] [ SQL ] SHOW COLUMNS FROM `mc_bbssection` [ RunTime:0.027407s ]
[ sql ] [ SQL ] SELECT * FROM `mc_bbssection` WHERE  `sid` = 1 LIMIT 1 [ RunTime:0.001427s ]
[ sql ] [ SQL ] SHOW COLUMNS FROM `mc_bbstopic` [ RunTime:0.001252s ]
[ sql ] [ SQL ] SELECT * FROM `mc_bbstopic` WHERE  `tsid` = 1 [ RunTime:0.004937s ]
[ sql ] [ SQL ] SELECT * FROM `mc_bbstopic` WHERE  `tsid` = 1  AND `tstate` = 2 ORDER BY tid desc LIMIT 0,10 [ RunTime:0.001003s ]

---------------------------------------------------------------
[ 2017-05-02T09:53:31+08:00 ] 127.0.0.1 127.0.0.1 GET /mengchong/public/index.php/index/bbs/zhengwen?id=46
[ log ] www.pys.com/mengchong/public/index.php/index/bbs/zhengwen?id=46 [运行时间：0.133625s][吞吐率：7.48req/s] [内存消耗：2,127.65kb] [文件加载：58]
[ info ] [ LANG ] E:\PYS\mengchong\thinkphp\lang\zh-cn.php
[ info ] [ ROUTE ] array (
  'type' => 'module',
  'module' => 
  array (
    0 => 'index',
    1 => 'bbs',
    2 => 'zhengwen',
  ),
)
[ info ] [ HEADER ] array (
  'cookie' => 'thinkphp_show_page_trace=0|0; PHPSESSID=9ijutkb6nr019dalksm13fipm6',
  'accept-language' => 'zh-CN,zh;q=0.8',
  'accept-encoding' => 'gzip, deflate',
  'referer' => 'http://www.pys.com/mengchong/public/index.php/index/bbs/liebiao?id=1',
  'accept' => 'text/html,application/xhtml+xml,application/xml;q=0.9,image/webp,image/apng,*/*;q=0.8',
  'user-agent' => 'Mozilla/5.0 (iPhone; CPU iPhone OS 9_1 like Mac OS X) AppleWebKit/601.1.46 (KHTML, like Gecko) Version/9.0 Mobile/13B143 Safari/601.1',
  'upgrade-insecure-requests' => '1',
  'connection' => 'close',
  'host' => 'www.pys.com',
)
[ info ] [ PARAM ] array (
  'id' => '46',
)
[ info ] [ SESSION ] INIT array (
  'id' => '',
  'var_session_id' => '',
  'prefix' => 'think',
  'type' => '',
  'auto_start' => true,
)
[ info ] [ RUN ] app\index\controller\Bbs->zhengwen[ E:\PYS\mengchong\application\index\controller\Bbs.php ]
[ info ] [ DB ] INIT mysql
[ info ] [ CACHE ] INIT File
[ info ] [ VIEW ] E:\PYS\mengchong\public/../application/index\view\bbs\zhengwen.html [ array (
  0 => 'topicdata',
  1 => 'replydata',
  2 => 'state',
  3 => 'username',
) ]
[ info ] [ LOG ] INIT File
[ sql ] [ DB ] CONNECT:[ UseTime:0.001854s ] mysql:dbname=mengchong;host=192.168.1.192;charset=utf8
[ sql ] [ SQL ] SHOW COLUMNS FROM `mc_bbstopic` [ RunTime:0.046738s ]
[ sql ] [ SQL ] SELECT * FROM `mc_bbstopic` WHERE  `tid` = 46 LIMIT 1 [ RunTime:0.001032s ]
[ sql ] [ SQL ] UPDATE `mc_bbstopic`  SET `tclickcount`=tclickcount+1  WHERE  `tid` = 46 [ RunTime:0.017015s ]
[ sql ] [ SQL ] SHOW COLUMNS FROM `mc_bbsreply` [ RunTime:0.027704s ]
[ sql ] [ SQL ] SELECT * FROM `mc_bbsreply` WHERE  `rtid` = 46  AND `rstate` = 2 ORDER BY rid desc [ RunTime:0.000970s ]

---------------------------------------------------------------
[ 2017-05-02T09:53:31+08:00 ] 127.0.0.1 127.0.0.1 GET /mengchong/public/index.php/index/bbs/qq/zn/script/topic_reply.js
[ log ] www.pys.com/mengchong/public/index.php/index/bbs/qq/zn/script/topic_reply.js [运行时间：0.030866s][吞吐率：32.40req/s] [内存消耗：1,063.33kb] [文件加载：45]
[ info ] [ LANG ] E:\PYS\mengchong\thinkphp\lang\zh-cn.php
[ info ] [ ROUTE ] array (
  'type' => 'module',
  'module' => 
  array (
    0 => 'index',
    1 => 'bbs',
    2 => 'qq',
  ),
)
[ info ] [ HEADER ] array (
  'cookie' => 'thinkphp_show_page_trace=0|0; PHPSESSID=9ijutkb6nr019dalksm13fipm6',
  'accept-language' => 'zh-CN,zh;q=0.8',
  'accept-encoding' => 'gzip, deflate',
  'referer' => 'http://www.pys.com/mengchong/public/index.php/index/bbs/zhengwen?id=46',
  'accept' => '*/*',
  'user-agent' => 'Mozilla/5.0 (iPhone; CPU iPhone OS 9_1 like Mac OS X) AppleWebKit/601.1.46 (KHTML, like Gecko) Version/9.0 Mobile/13B143 Safari/601.1',
  'connection' => 'close',
  'host' => 'www.pys.com',
)
[ info ] [ PARAM ] array (
  'zn' => 'script',
)
[ info ] [ SESSION ] INIT array (
  'id' => '',
  'var_session_id' => '',
  'prefix' => 'think',
  'type' => '',
  'auto_start' => true,
)
[ info ] [ LOG ] INIT File

---------------------------------------------------------------
[ 2017-05-02T09:57:33+08:00 ] 127.0.0.1 127.0.0.1 GET /mengchong/public/index.php
[ log ] www.pys.com/mengchong/public/index.php [运行时间：0.200338s][吞吐率：4.99req/s] [内存消耗：2,086.62kb] [文件加载：55]
[ info ] [ LANG ] E:\PYS\mengchong\thinkphp\lang\zh-cn.php
[ info ] [ ROUTE ] array (
  'type' => 'module',
  'module' => 
  array (
    0 => '',
    1 => NULL,
    2 => NULL,
  ),
)
[ info ] [ HEADER ] array (
  'cookie' => 'PHPSESSID=9ijutkb6nr019dalksm13fipm6',
  'accept-language' => 'zh-CN,zh;q=0.8',
  'accept-encoding' => 'gzip, deflate',
  'accept' => 'text/html,application/xhtml+xml,application/xml;q=0.9,image/webp,image/apng,*/*;q=0.8',
  'user-agent' => 'Mozilla/5.0 (iPhone; CPU iPhone OS 9_1 like Mac OS X) AppleWebKit/601.1.46 (KHTML, like Gecko) Version/9.0 Mobile/13B143 Safari/601.1',
  'upgrade-insecure-requests' => '1',
  'connection' => 'close',
  'host' => 'www.pys.com',
)
[ info ] [ PARAM ] array (
)
[ info ] [ RUN ] app\index\controller\Index->index[ E:\PYS\mengchong\application\index\controller\Index.php ]
[ info ] [ DB ] INIT mysql
[ info ] [ SESSION ] INIT array (
  'id' => '',
  'var_session_id' => '',
  'prefix' => 'think',
  'type' => '',
  'auto_start' => true,
)
[ info ] [ VIEW ] E:\PYS\mengchong\public/../application/index\view\index\index.html [ array (
  0 => 'data_new',
  1 => 'data_hot',
  2 => 'status',
  3 => 'model_category',
) ]
[ info ] [ LOG ] INIT File
[ sql ] [ DB ] CONNECT:[ UseTime:0.002906s ] mysql:dbname=mengchong;host=192.168.1.192;charset=utf8
[ sql ] [ SQL ] SHOW COLUMNS FROM `mc_goods` [ RunTime:0.140163s ]
[ sql ] [ SQL ] SELECT * FROM `mc_goods` WHERE  (  1=1 ) ORDER BY `add_time`  desc LIMIT 8 [ RunTime:0.012640s ]
[ sql ] [ SQL ] SELECT * FROM `mc_goods` WHERE  (  1=1 ) ORDER BY `is_hot`  desc LIMIT 8 [ RunTime:0.000869s ]
[ sql ] [ SQL ] SHOW COLUMNS FROM `mc_category` [ RunTime:0.001193s ]
[ sql ] [ SQL ] SELECT * FROM `mc_category` WHERE  `p_id` = 0 [ RunTime:0.001158s ]

---------------------------------------------------------------
